[ 2014-12-07T14:44:11+08:00 ] 127.0.0.1 /bbsGit/admin.php/Home/Teach/add_teacher
INFO: [ app_init ] --START--
INFO: Run Behavior\BuildLiteBehavior [ RunTime:0.000000s ]
INFO: [ app_init ] --END-- [ RunTime:0.000000s ]
INFO: [ app_begin ] --START--
INFO: Run Behavior\ReadHtmlCacheBehavior [ RunTime:0.000000s ]
INFO: [ app_begin ] --END-- [ RunTime:0.000000s ]
NOTIC: [8192] mysql_connect(): The mysql extension is deprecated and will be removed in the future: use mysqli or PDO instead E:\bbs\bbsGit\ThinkPHP\Library\Think\Db\Driver\Mysql.class.php Á¨¨ 52 Ë°å.
NOTIC: [2] mysql_connect():  E:\bbs\bbsGit\ThinkPHP\Library\Think\Db\Driver\Mysql.class.php Á¨¨ 52 Ë°å.
ERR: ”…”⁄¡¨Ω”∑Ω‘⁄“ª∂Œ ±º‰∫Û√ª”–’˝»∑¥∏¥ªÚ¡¨Ω”µƒ÷˜ª˙√ª”–∑¥”¶£¨¡¨Ω”≥¢ ‘ ß∞‹°£


[ 2014-12-07T18:22:50+08:00 ] 127.0.0.1 /bbsGit/admin.php/Home/Teach/add_teacher
INFO: [ app_init ] --START--
INFO: Run Behavior\BuildLiteBehavior [ RunTime:0.000000s ]
INFO: [ app_init ] --END-- [ RunTime:0.002000s ]
INFO: [ app_begin ] --START--
INFO: Run Behavior\ReadHtmlCacheBehavior [ RunTime:0.010001s ]
INFO: [ app_begin ] --END-- [ RunTime:0.010001s ]
NOTIC: [8192] mysql_connect(): The mysql extension is deprecated and will be removed in the future: use mysqli or PDO instead E:\bbs\bbsGit\ThinkPHP\Library\Think\Db\Driver\Mysql.class.php Á¨¨ 52 Ë°å.
SQL: SHOW COLUMNS FROM `teacher_fen` [ RunTime:0.315018s ]
SQL: SELECT * FROM `teacher_fen`  [ RunTime:0.000000s ]
INFO: [ view_parse ] --START--
INFO: [ template_filter ] --START--
INFO: Run Behavior\ContentReplaceBehavior [ RunTime:0.000000s ]
INFO: [ template_filter ] --END-- [ RunTime:0.000000s ]
INFO: Run Behavior\ParseTemplateBehavior [ RunTime:0.119007s ]
INFO: [ view_parse ] --END-- [ RunTime:0.119007s ]
INFO: [ view_filter ] --START--
INFO: Run Behavior\WriteHtmlCacheBehavior [ RunTime:0.002000s ]
INFO: [ view_filter ] --END-- [ RunTime:0.002000s ]
INFO: [ app_end ] --START--
INFO: Run Behavior\ShowPageTraceBehavior [ RunTime:0.002000s ]
INFO: [ app_end ] --END-- [ RunTime:0.002000s ]

[ 2014-12-07T18:22:56+08:00 ] 127.0.0.1 /bbsGit/admin.php
INFO: [ app_init ] --START--
INFO: Run Behavior\BuildLiteBehavior [ RunTime:0.000000s ]
INFO: [ app_init ] --END-- [ RunTime:0.001000s ]
INFO: [ app_begin ] --START--
INFO: Run Behavior\ReadHtmlCacheBehavior [ RunTime:0.001000s ]
INFO: [ app_begin ] --END-- [ RunTime:0.001000s ]
ERR: Êó†Ê≥ïÂä†ËΩΩÊéßÂà∂Âô®:Index

[ 2014-12-07T18:23:04+08:00 ] 127.0.0.1 /bbsGit/admin.php/Home/
INFO: [ app_init ] --START--
INFO: Run Behavior\BuildLiteBehavior [ RunTime:0.000000s ]
INFO: [ app_init ] --END-- [ RunTime:0.001000s ]
INFO: [ app_begin ] --START--
INFO: Run Behavior\ReadHtmlCacheBehavior [ RunTime:0.001000s ]
INFO: [ app_begin ] --END-- [ RunTime:0.001000s ]
ERR: Êó†Ê≥ïÂä†ËΩΩÊéßÂà∂Âô®:Index

[ 2014-12-07T18:23:11+08:00 ] 127.0.0.1 /bbsGit/admin.php/Home/admin/index
INFO: [ app_init ] --START--
INFO: Run Behavior\BuildLiteBehavior [ RunTime:0.000000s ]
INFO: [ app_init ] --END-- [ RunTime:0.001001s ]
INFO: [ app_begin ] --START--
INFO: Run Behavior\ReadHtmlCacheBehavior [ RunTime:0.001000s ]
INFO: [ app_begin ] --END-- [ RunTime:0.001000s ]
INFO: [ view_parse ] --START--
INFO: [ template_filter ] --START--
INFO: Run Behavior\ContentReplaceBehavior [ RunTime:0.000000s ]
INFO: [ template_filter ] --END-- [ RunTime:0.000000s ]
INFO: Run Behavior\ParseTemplateBehavior [ RunTime:0.045002s ]
INFO: [ view_parse ] --END-- [ RunTime:0.045002s ]
INFO: [ view_filter ] --START--
INFO: Run Behavior\WriteHtmlCacheBehavior [ RunTime:0.001001s ]
INFO: [ view_filter ] --END-- [ RunTime:0.001001s ]
INFO: [ app_end ] --START--
INFO: Run Behavior\ShowPageTraceBehavior [ RunTime:0.001000s ]
INFO: [ app_end ] --END-- [ RunTime:0.001000s ]

[ 2014-12-07T18:23:15+08:00 ] 127.0.0.1 /bbsGit/admin.php/Home/Teach/add_teacher
INFO: [ app_init ] --START--
INFO: Run Behavior\BuildLiteBehavior [ RunTime:0.000000s ]
INFO: [ app_init ] --END-- [ RunTime:0.001000s ]
INFO: [ app_begin ] --START--
INFO: Run Behavior\ReadHtmlCacheBehavior [ RunTime:0.002000s ]
INFO: [ app_begin ] --END-- [ RunTime:0.002000s ]
NOTIC: [8192] mysql_connect(): The mysql extension is deprecated and will be removed in the future: use mysqli or PDO instead E:\bbs\bbsGit\ThinkPHP\Library\Think\Db\Driver\Mysql.class.php Á¨¨ 52 Ë°å.
SQL: SHOW COLUMNS FROM `teacher_fen` [ RunTime:0.006000s ]
SQL: SELECT * FROM `teacher_fen`  [ RunTime:0.000000s ]
INFO: [ view_parse ] --START--
INFO: [ template_filter ] --START--
INFO: Run Behavior\ContentReplaceBehavior [ RunTime:0.000000s ]
INFO: [ template_filter ] --END-- [ RunTime:0.000000s ]
INFO: Run Behavior\ParseTemplateBehavior [ RunTime:0.021001s ]
INFO: [ view_parse ] --END-- [ RunTime:0.021001s ]
INFO: [ view_filter ] --START--
INFO: Run Behavior\WriteHtmlCacheBehavior [ RunTime:0.001000s ]
INFO: [ view_filter ] --END-- [ RunTime:0.001000s ]
INFO: [ app_end ] --START--
INFO: Run Behavior\ShowPageTraceBehavior [ RunTime:0.001000s ]
INFO: [ app_end ] --END-- [ RunTime:0.001000s ]

[ 2014-12-07T18:23:20+08:00 ] 127.0.0.1 /bbsGit/admin.php/Home/Teach/teacher_list
INFO: [ app_init ] --START--
INFO: Run Behavior\BuildLiteBehavior [ RunTime:0.000000s ]
INFO: [ app_init ] --END-- [ RunTime:0.001000s ]
INFO: [ app_begin ] --START--
INFO: Run Behavior\ReadHtmlCacheBehavior [ RunTime:0.001000s ]
INFO: [ app_begin ] --END-- [ RunTime:0.001000s ]
NOTIC: [8192] mysql_connect(): The mysql extension is deprecated and will be removed in the future: use mysqli or PDO instead E:\bbs\bbsGit\ThinkPHP\Library\Think\Db\Driver\Mysql.class.php Á¨¨ 52 Ë°å.
SQL: SHOW COLUMNS FROM `b_teacher_list` [ RunTime:0.065004s ]
SQL: SELECT * FROM `b_teacher_list`  [ RunTime:0.022001s ]
INFO: [ view_parse ] --START--
INFO: [ template_filter ] --START--
INFO: Run Behavior\ContentReplaceBehavior [ RunTime:0.000000s ]
INFO: [ template_filter ] --END-- [ RunTime:0.000000s ]
INFO: Run Behavior\ParseTemplateBehavior [ RunTime:0.031002s ]
INFO: [ view_parse ] --END-- [ RunTime:0.031002s ]
INFO: [ view_filter ] --START--
INFO: Run Behavior\WriteHtmlCacheBehavior [ RunTime:0.000000s ]
INFO: [ view_filter ] --END-- [ RunTime:0.001000s ]
NOTIC: [8] Undefined index: p E:\bbs\bbsGit\Admin\Home\Controller\TeachController.class.php Á¨¨ 34 Ë°å.
NOTIC: [8] Undefined index: limit E:\bbs\bbsGit\ThinkPHP\Library\Think\Db.class.php Á¨¨ 788 Ë°å.
SQL: SELECT * FROM `b_teacher_list` LIMIT 0,20   [ RunTime:0.001000s ]
SQL: SELECT COUNT(*) AS tp_count FROM `b_teacher_list` LIMIT 1   [ RunTime:0.001000s ]
INFO: [ app_end ] --START--
INFO: Run Behavior\ShowPageTraceBehavior [ RunTime:0.001000s ]
INFO: [ app_end ] --END-- [ RunTime:0.001000s ]

[ 2014-12-07T18:23:29+08:00 ] 127.0.0.1 /bbsGit/admin.php/Home/Teach/add_teacher
INFO: [ app_init ] --START--
INFO: Run Behavior\BuildLiteBehavior [ RunTime:0.001000s ]
INFO: [ app_init ] --END-- [ RunTime:0.002000s ]
INFO: [ app_begin ] --START--
INFO: Run Behavior\ReadHtmlCacheBehavior [ RunTime:0.002000s ]
INFO: [ app_begin ] --END-- [ RunTime:0.002000s ]
NOTIC: [8192] mysql_connect(): The mysql extension is deprecated and will be removed in the future: use mysqli or PDO instead E:\bbs\bbsGit\ThinkPHP\Library\Think\Db\Driver\Mysql.class.php Á¨¨ 52 Ë°å.
SQL: SHOW COLUMNS FROM `teacher_fen` [ RunTime:0.005000s ]
SQL: SELECT * FROM `teacher_fen`  [ RunTime:0.001000s ]
INFO: [ view_parse ] --START--
INFO: [ template_filter ] --START--
INFO: Run Behavior\ContentReplaceBehavior [ RunTime:0.000000s ]
INFO: [ template_filter ] --END-- [ RunTime:0.000000s ]
INFO: Run Behavior\ParseTemplateBehavior [ RunTime:0.011001s ]
INFO: [ view_parse ] --END-- [ RunTime:0.011001s ]
INFO: [ view_filter ] --START--
INFO: Run Behavior\WriteHtmlCacheBehavior [ RunTime:0.002000s ]
INFO: [ view_filter ] --END-- [ RunTime:0.002000s ]
INFO: [ app_end ] --START--
INFO: Run Behavior\ShowPageTraceBehavior [ RunTime:0.002000s ]
INFO: [ app_end ] --END-- [ RunTime:0.002000s ]

[ 2014-12-07T18:23:45+08:00 ] 127.0.0.1 /bbsGit/admin.php/Home/Teach/teacher_list
INFO: [ app_init ] --START--
INFO: Run Behavior\BuildLiteBehavior [ RunTime:0.000000s ]
INFO: [ app_init ] --END-- [ RunTime:0.001000s ]
INFO: [ app_begin ] --START--
INFO: Run Behavior\ReadHtmlCacheBehavior [ RunTime:0.001000s ]
INFO: [ app_begin ] --END-- [ RunTime:0.002000s ]
NOTIC: [8192] mysql_connect(): The mysql extension is deprecated and will be removed in the future: use mysqli or PDO instead E:\bbs\bbsGit\ThinkPHP\Library\Think\Db\Driver\Mysql.class.php Á¨¨ 52 Ë°å.
SQL: SHOW COLUMNS FROM `b_teacher_list` [ RunTime:0.005000s ]
SQL: SELECT * FROM `b_teacher_list`  [ RunTime:0.001000s ]
INFO: [ view_parse ] --START--
INFO: [ template_filter ] --START--
INFO: Run Behavior\ContentReplaceBehavior [ RunTime:0.000000s ]
INFO: [ template_filter ] --END-- [ RunTime:0.000000s ]
INFO: Run Behavior\ParseTemplateBehavior [ RunTime:0.012001s ]
INFO: [ view_parse ] --END-- [ RunTime:0.012001s ]
INFO: [ view_filter ] --START--
INFO: Run Behavior\WriteHtmlCacheBehavior [ RunTime:0.001000s ]
INFO: [ view_filter ] --END-- [ RunTime:0.001000s ]
NOTIC: [8] Undefined index: p E:\bbs\bbsGit\Admin\Home\Controller\TeachController.class.php Á¨¨ 34 Ë°å.
NOTIC: [8] Undefined index: limit E:\bbs\bbsGit\ThinkPHP\Library\Think\Db.class.php Á¨¨ 788 Ë°å.
SQL: SELECT * FROM `b_teacher_list` LIMIT 0,20   [ RunTime:0.001000s ]
SQL: SELECT COUNT(*) AS tp_count FROM `b_teacher_list` LIMIT 1   [ RunTime:0.001000s ]
INFO: [ app_end ] --START--
INFO: Run Behavior\ShowPageTraceBehavior [ RunTime:0.001000s ]
INFO: [ app_end ] --END-- [ RunTime:0.002000s ]

[ 2014-12-07T18:28:46+08:00 ] 127.0.0.1 /bbsGit/admin.php/Home/Teach/add_teacher
INFO: [ app_init ] --START--
INFO: Run Behavior\BuildLiteBehavior [ RunTime:0.000000s ]
INFO: [ app_init ] --END-- [ RunTime:0.002000s ]
INFO: [ app_begin ] --START--
INFO: Run Behavior\ReadHtmlCacheBehavior [ RunTime:0.006000s ]
INFO: [ app_begin ] --END-- [ RunTime:0.006000s ]
NOTIC: [8192] mysql_connect(): The mysql extension is deprecated and will be removed in the future: use mysqli or PDO instead E:\bbs\bbsGit\ThinkPHP\Library\Think\Db\Driver\Mysql.class.php Á¨¨ 52 Ë°å.
SQL: SHOW COLUMNS FROM `teacher_fen` [ RunTime:0.005000s ]
SQL: SELECT * FROM `teacher_fen`  [ RunTime:0.001000s ]
INFO: [ view_parse ] --START--
INFO: [ template_filter ] --START--
INFO: Run Behavior\ContentReplaceBehavior [ RunTime:0.000000s ]
INFO: [ template_filter ] --END-- [ RunTime:0.000000s ]
INFO: Run Behavior\ParseTemplateBehavior [ RunTime:0.020001s ]
INFO: [ view_parse ] --END-- [ RunTime:0.020001s ]
INFO: [ view_filter ] --START--
INFO: Run Behavior\WriteHtmlCacheBehavior [ RunTime:0.006001s ]
INFO: [ view_filter ] --END-- [ RunTime:0.006001s ]
INFO: [ app_end ] --START--
INFO: Run Behavior\ShowPageTraceBehavior [ RunTime:0.006000s ]
INFO: [ app_end ] --END-- [ RunTime:0.006000s ]

[ 2014-12-07T18:28:51+08:00 ] 127.0.0.1 /bbsGit/admin.php/Home/Teach/add_teacher
INFO: [ app_init ] --START--
INFO: Run Behavior\BuildLiteBehavior [ RunTime:0.000000s ]
INFO: [ app_init ] --END-- [ RunTime:0.001000s ]
INFO: [ app_begin ] --START--
INFO: Run Behavior\ReadHtmlCacheBehavior [ RunTime:0.004000s ]
INFO: [ app_begin ] --END-- [ RunTime:0.004000s ]
NOTIC: [8192] mysql_connect(): The mysql extension is deprecated and will be removed in the future: use mysqli or PDO instead E:\bbs\bbsGit\ThinkPHP\Library\Think\Db\Driver\Mysql.class.php Á¨¨ 52 Ë°å.
SQL: SHOW COLUMNS FROM `teacher_fen` [ RunTime:0.005000s ]
SQL: SELECT * FROM `teacher_fen`  [ RunTime:0.002000s ]
INFO: [ view_parse ] --START--
INFO: [ template_filter ] --START--
INFO: Run Behavior\ContentReplaceBehavior [ RunTime:0.000000s ]
INFO: [ template_filter ] --END-- [ RunTime:0.000000s ]
INFO: Run Behavior\ParseTemplateBehavior [ RunTime:0.028002s ]
INFO: [ view_parse ] --END-- [ RunTime:0.028002s ]
INFO: [ view_filter ] --START--
INFO: Run Behavior\WriteHtmlCacheBehavior [ RunTime:0.004000s ]
INFO: [ view_filter ] --END-- [ RunTime:0.004000s ]
INFO: [ app_end ] --START--
INFO: Run Behavior\ShowPageTraceBehavior [ RunTime:0.004000s ]
INFO: [ app_end ] --END-- [ RunTime:0.004000s ]

[ 2014-12-07T18:29:22+08:00 ] 127.0.0.1 /bbsGit/admin.php/Home/Teach/insert
INFO: [ app_init ] --START--
INFO: Run Behavior\BuildLiteBehavior [ RunTime:0.000000s ]
INFO: [ app_init ] --END-- [ RunTime:0.001000s ]
INFO: [ app_begin ] --START--
INFO: Run Behavior\ReadHtmlCacheBehavior [ RunTime:0.004000s ]
INFO: [ app_begin ] --END-- [ RunTime:0.004000s ]
NOTIC: [8192] mysql_connect(): The mysql extension is deprecated and will be removed in the future: use mysqli or PDO instead E:\bbs\bbsGit\ThinkPHP\Library\Think\Db\Driver\Mysql.class.php Á¨¨ 52 Ë°å.
SQL: SHOW COLUMNS FROM `b_teacher_list` [ RunTime:0.005001s ]
INFO: [ view_parse ] --START--
INFO: [ template_filter ] --START--
INFO: Run Behavior\ContentReplaceBehavior [ RunTime:0.000000s ]
INFO: [ template_filter ] --END-- [ RunTime:0.000000s ]
INFO: Run Behavior\ParseTemplateBehavior [ RunTime:0.028002s ]
INFO: [ view_parse ] --END-- [ RunTime:0.028002s ]
INFO: [ view_filter ] --START--
INFO: Run Behavior\WriteHtmlCacheBehavior [ RunTime:0.003000s ]
INFO: [ view_filter ] --END-- [ RunTime:0.003000s ]

[ 2014-12-07T18:29:58+08:00 ] 127.0.0.1 /bbsGit/admin.php/Home/admin/index
INFO: [ app_init ] --START--
INFO: Run Behavior\BuildLiteBehavior [ RunTime:0.000000s ]
INFO: [ app_init ] --END-- [ RunTime:0.001000s ]
INFO: [ app_begin ] --START--
INFO: Run Behavior\ReadHtmlCacheBehavior [ RunTime:0.004000s ]
INFO: [ app_begin ] --END-- [ RunTime:0.004000s ]
INFO: [ view_parse ] --START--
INFO: [ template_filter ] --START--
INFO: Run Behavior\ContentReplaceBehavior [ RunTime:0.000000s ]
INFO: [ template_filter ] --END-- [ RunTime:0.001000s ]
INFO: Run Behavior\ParseTemplateBehavior [ RunTime:0.018001s ]
INFO: [ view_parse ] --END-- [ RunTime:0.018001s ]
INFO: [ view_filter ] --START--
INFO: Run Behavior\WriteHtmlCacheBehavior [ RunTime:0.003000s ]
INFO: [ view_filter ] --END-- [ RunTime:0.003000s ]
INFO: [ app_end ] --START--
INFO: Run Behavior\ShowPageTraceBehavior [ RunTime:0.009001s ]
INFO: [ app_end ] --END-- [ RunTime:0.010001s ]

[ 2014-12-07T18:30:03+08:00 ] 127.0.0.1 /bbsGit/admin.php/Home/Teach/add_teacher
INFO: [ app_init ] --START--
INFO: Run Behavior\BuildLiteBehavior [ RunTime:0.000000s ]
INFO: [ app_init ] --END-- [ RunTime:0.001000s ]
INFO: [ app_begin ] --START--
INFO: Run Behavior\ReadHtmlCacheBehavior [ RunTime:0.003001s ]
INFO: [ app_begin ] --END-- [ RunTime:0.003001s ]
NOTIC: [8192] mysql_connect(): The mysql extension is deprecated and will be removed in the future: use mysqli or PDO instead E:\bbs\bbsGit\ThinkPHP\Library\Think\Db\Driver\Mysql.class.php Á¨¨ 52 Ë°å.
SQL: SHOW COLUMNS FROM `teacher_fen` [ RunTime:0.005000s ]
SQL: SELECT * FROM `teacher_fen`  [ RunTime:0.000000s ]
INFO: [ view_parse ] --START--
INFO: [ template_filter ] --START--
INFO: Run Behavior\ContentReplaceBehavior [ RunTime:0.000000s ]
INFO: [ template_filter ] --END-- [ RunTime:0.000000s ]
INFO: Run Behavior\ParseTemplateBehavior [ RunTime:0.019002s ]
INFO: [ view_parse ] --END-- [ RunTime:0.019002s ]
INFO: [ view_filter ] --START--
INFO: Run Behavior\WriteHtmlCacheBehavior [ RunTime:0.003000s ]
INFO: [ view_filter ] --END-- [ RunTime:0.003000s ]
INFO: [ app_end ] --START--
INFO: Run Behavior\ShowPageTraceBehavior [ RunTime:0.003000s ]
INFO: [ app_end ] --END-- [ RunTime:0.004000s ]

[ 2014-12-07T18:30:17+08:00 ] 127.0.0.1 /bbsGit/admin.php/Home/Teach/insert
INFO: [ app_init ] --START--
INFO: Run Behavior\BuildLiteBehavior [ RunTime:0.000000s ]
INFO: [ app_init ] --END-- [ RunTime:0.001000s ]
INFO: [ app_begin ] --START--
INFO: Run Behavior\ReadHtmlCacheBehavior [ RunTime:0.003000s ]
INFO: [ app_begin ] --END-- [ RunTime:0.003000s ]
NOTIC: [8192] mysql_connect(): The mysql extension is deprecated and will be removed in the future: use mysqli or PDO instead E:\bbs\bbsGit\ThinkPHP\Library\Think\Db\Driver\Mysql.class.php Á¨¨ 52 Ë°å.
SQL: SHOW COLUMNS FROM `b_teacher_list` [ RunTime:0.006000s ]
NOTIC: [2] call_user_func() expects parameter 1 to be a valid callback, no array or string given E:\bbs\bbsGit\ThinkPHP\Library\Think\Upload.class.php Á¨¨ 170 Ë°å.
SQL: INSERT INTO `b_teacher_list` (`t_name`,`nav_id`,`f_id`,`t_intro`,`t_job`,`t_photo`) VALUES ('Âú∞ÊñπÂ§ß',3,2,'Â§ßÂπÖÁöÑÊíí','222','./uploads/2014-12-07/54842c39aa8c2.jpg') [ RunTime:0.044003s ]
SQL: INSERT INTO `b_teacher_list` (`t_name`,`nav_id`,`f_id`,`t_intro`,`t_job`,`t_photo`) VALUES ('Âú∞ÊñπÂ§ß',3,2,'Â§ßÂπÖÁöÑÊíí','222','./uploads/2014-12-07/54842c39aa8c2.jpg') [ RunTime:0.001000s ]
INFO: [ app_end ] --START--
INFO: Run Behavior\ShowPageTraceBehavior [ RunTime:0.003000s ]
INFO: [ app_end ] --END-- [ RunTime:0.003000s ]

[ 2014-12-07T18:30:18+08:00 ] 127.0.0.1 /bbsGit/admin.php/Home/Teach/t_list.html
INFO: [ app_init ] --START--
INFO: Run Behavior\BuildLiteBehavior [ RunTime:0.000000s ]
INFO: [ app_init ] --END-- [ RunTime:0.001000s ]
INFO: [ app_begin ] --START--
INFO: Run Behavior\ReadHtmlCacheBehavior [ RunTime:0.011001s ]
INFO: [ app_begin ] --END-- [ RunTime:0.011001s ]
ERR: ÈùûÊ≥ïÊìç‰Ωú:t_list

[ 2014-12-07T18:30:52+08:00 ] 127.0.0.1 /bbsGit/admin.php/Home/Teach/add_teacher
INFO: [ app_init ] --START--
INFO: Run Behavior\BuildLiteBehavior [ RunTime:0.000000s ]
INFO: [ app_init ] --END-- [ RunTime:0.003001s ]
INFO: [ app_begin ] --START--
INFO: Run Behavior\ReadHtmlCacheBehavior [ RunTime:0.003000s ]
INFO: [ app_begin ] --END-- [ RunTime:0.003000s ]
NOTIC: [8192] mysql_connect(): The mysql extension is deprecated and will be removed in the future: use mysqli or PDO instead E:\bbs\bbsGit\ThinkPHP\Library\Think\Db\Driver\Mysql.class.php Á¨¨ 52 Ë°å.
SQL: SHOW COLUMNS FROM `teacher_fen` [ RunTime:0.005000s ]
SQL: SELECT * FROM `teacher_fen`  [ RunTime:0.001000s ]
INFO: [ view_parse ] --START--
INFO: [ template_filter ] --START--
INFO: Run Behavior\ContentReplaceBehavior [ RunTime:0.001000s ]
INFO: [ template_filter ] --END-- [ RunTime:0.001000s ]
INFO: Run Behavior\ParseTemplateBehavior [ RunTime:0.020001s ]
INFO: [ view_parse ] --END-- [ RunTime:0.020001s ]
INFO: [ view_filter ] --START--
INFO: Run Behavior\WriteHtmlCacheBehavior [ RunTime:0.002000s ]
INFO: [ view_filter ] --END-- [ RunTime:0.003000s ]
INFO: [ app_end ] --START--
INFO: Run Behavior\ShowPageTraceBehavior [ RunTime:0.004001s ]
INFO: [ app_end ] --END-- [ RunTime:0.004001s ]

[ 2014-12-07T18:31:10+08:00 ] 127.0.0.1 /bbsGit/admin.php/Home/Teach/insert
INFO: [ app_init ] --START--
INFO: Run Behavior\BuildLiteBehavior [ RunTime:0.000000s ]
INFO: [ app_init ] --END-- [ RunTime:0.002000s ]
INFO: [ app_begin ] --START--
INFO: Run Behavior\ReadHtmlCacheBehavior [ RunTime:0.003000s ]
INFO: [ app_begin ] --END-- [ RunTime:0.003000s ]
NOTIC: [8192] mysql_connect(): The mysql extension is deprecated and will be removed in the future: use mysqli or PDO instead E:\bbs\bbsGit\ThinkPHP\Library\Think\Db\Driver\Mysql.class.php Á¨¨ 52 Ë°å.
SQL: SHOW COLUMNS FROM `b_teacher_list` [ RunTime:0.005000s ]
NOTIC: [2] call_user_func() expects parameter 1 to be a valid callback, no array or string given E:\bbs\bbsGit\ThinkPHP\Library\Think\Upload.class.php Á¨¨ 170 Ë°å.
SQL: INSERT INTO `b_teacher_list` (`t_name`,`nav_id`,`f_id`,`t_intro`,`t_job`,`t_photo`) VALUES ('ÊÅ©ÊÅ©',3,1,'Â§ßÂπÖÁöÑÊíí','È´òÁ∫ßËÆ≤Â∏à','./uploads/2014-12-07/54842c6e009fa.jpg') [ RunTime:0.001000s ]
SQL: INSERT INTO `b_teacher_list` (`t_name`,`nav_id`,`f_id`,`t_intro`,`t_job`,`t_photo`) VALUES ('ÊÅ©ÊÅ©',3,1,'Â§ßÂπÖÁöÑÊíí','È´òÁ∫ßËÆ≤Â∏à','./uploads/2014-12-07/54842c6e009fa.jpg') [ RunTime:0.001000s ]
INFO: [ app_end ] --START--
INFO: Run Behavior\ShowPageTraceBehavior [ RunTime:0.003000s ]
INFO: [ app_end ] --END-- [ RunTime:0.003000s ]

[ 2014-12-07T18:31:10+08:00 ] 127.0.0.1 /bbsGit/admin.php/Home/Teach/teacher_list.html
INFO: [ app_init ] --START--
INFO: Run Behavior\BuildLiteBehavior [ RunTime:0.000000s ]
INFO: [ app_init ] --END-- [ RunTime:0.002000s ]
INFO: [ app_begin ] --START--
INFO: Run Behavior\ReadHtmlCacheBehavior [ RunTime:0.004000s ]
INFO: [ app_begin ] --END-- [ RunTime:0.004000s ]
NOTIC: [8192] mysql_connect(): The mysql extension is deprecated and will be removed in the future: use mysqli or PDO instead E:\bbs\bbsGit\ThinkPHP\Library\Think\Db\Driver\Mysql.class.php Á¨¨ 52 Ë°å.
SQL: SHOW COLUMNS FROM `b_teacher_list` [ RunTime:0.005000s ]
SQL: SELECT * FROM `b_teacher_list`  [ RunTime:0.001000s ]
INFO: [ view_parse ] --START--
INFO: [ template_filter ] --START--
INFO: Run Behavior\ContentReplaceBehavior [ RunTime:0.000000s ]
INFO: [ template_filter ] --END-- [ RunTime:0.000000s ]
INFO: Run Behavior\ParseTemplateBehavior [ RunTime:0.021002s ]
INFO: [ view_parse ] --END-- [ RunTime:0.021002s ]
INFO: [ view_filter ] --START--
INFO: Run Behavior\WriteHtmlCacheBehavior [ RunTime:0.003000s ]
INFO: [ view_filter ] --END-- [ RunTime:0.003000s ]
NOTIC: [8] Undefined index: p E:\bbs\bbsGit\Admin\Home\Controller\TeachController.class.php Á¨¨ 40 Ë°å.
NOTIC: [8] Undefined index: limit E:\bbs\bbsGit\ThinkPHP\Library\Think\Db.class.php Á¨¨ 788 Ë°å.
SQL: SELECT * FROM `b_teacher_list` LIMIT 0,20   [ RunTime:0.001000s ]
SQL: SELECT COUNT(*) AS tp_count FROM `b_teacher_list` LIMIT 1   [ RunTime:0.001000s ]
INFO: [ app_end ] --START--
INFO: Run Behavior\ShowPageTraceBehavior [ RunTime:0.003000s ]
INFO: [ app_end ] --END-- [ RunTime:0.003000s ]

[ 2014-12-07T18:34:08+08:00 ] 127.0.0.1 /bbsGit/admin.php/Home/Teach/teacher_list
INFO: [ app_init ] --START--
INFO: Run Behavior\BuildLiteBehavior [ RunTime:0.000000s ]
INFO: [ app_init ] --END-- [ RunTime:0.002000s ]
INFO: [ app_begin ] --START--
INFO: Run Behavior\ReadHtmlCacheBehavior [ RunTime:0.003000s ]
INFO: [ app_begin ] --END-- [ RunTime:0.003000s ]
NOTIC: [8192] mysql_connect(): The mysql extension is deprecated and will be removed in the future: use mysqli or PDO instead E:\bbs\bbsGit\ThinkPHP\Library\Think\Db\Driver\Mysql.class.php Á¨¨ 52 Ë°å.
SQL: SHOW COLUMNS FROM `b_teacher_list` [ RunTime:0.006000s ]
SQL: SELECT * FROM `b_teacher_list`  [ RunTime:0.001000s ]
INFO: [ view_parse ] --START--
INFO: [ template_filter ] --START--
INFO: Run Behavior\ContentReplaceBehavior [ RunTime:0.000000s ]
INFO: [ template_filter ] --END-- [ RunTime:0.000000s ]
INFO: Run Behavior\ParseTemplateBehavior [ RunTime:0.029002s ]
INFO: [ view_parse ] --END-- [ RunTime:0.029002s ]
INFO: [ view_filter ] --START--
INFO: Run Behavior\WriteHtmlCacheBehavior [ RunTime:0.003000s ]
INFO: [ view_filter ] --END-- [ RunTime:0.003000s ]
NOTIC: [8] Undefined index: p E:\bbs\bbsGit\Admin\Home\Controller\TeachController.class.php Á¨¨ 40 Ë°å.
NOTIC: [8] Undefined index: limit E:\bbs\bbsGit\ThinkPHP\Library\Think\Db.class.php Á¨¨ 788 Ë°å.
SQL: SELECT * FROM `b_teacher_list` LIMIT 0,20   [ RunTime:0.000000s ]
SQL: SELECT COUNT(*) AS tp_count FROM `b_teacher_list` LIMIT 1   [ RunTime:0.001000s ]
INFO: [ app_end ] --START--
INFO: Run Behavior\ShowPageTraceBehavior [ RunTime:0.003000s ]
INFO: [ app_end ] --END-- [ RunTime:0.003000s ]

[ 2014-12-07T18:34:08+08:00 ] 127.0.0.1 /bbsGit/admin.php/Home/Teach/uploads/2014-12-07
INFO: [ app_init ] --START--
INFO: Run Behavior\BuildLiteBehavior [ RunTime:0.000000s ]
INFO: [ app_init ] --END-- [ RunTime:0.001000s ]
INFO: [ app_begin ] --START--
INFO: Run Behavior\ReadHtmlCacheBehavior [ RunTime:0.004000s ]
INFO: [ app_begin ] --END-- [ RunTime:0.004000s ]
ERR: ÈùûÊ≥ïÊìç‰Ωú:uploads

[ 2014-12-07T18:34:54+08:00 ] 127.0.0.1 /bbsGit/admin.php/Home/Teach/teacher_list
INFO: [ app_init ] --START--
INFO: Run Behavior\BuildLiteBehavior [ RunTime:0.000000s ]
INFO: [ app_init ] --END-- [ RunTime:0.002000s ]
INFO: [ app_begin ] --START--
INFO: Run Behavior\ReadHtmlCacheBehavior [ RunTime:0.003000s ]
INFO: [ app_begin ] --END-- [ RunTime:0.003000s ]
NOTIC: [8192] mysql_connect(): The mysql extension is deprecated and will be removed in the future: use mysqli or PDO instead E:\bbs\bbsGit\ThinkPHP\Library\Think\Db\Driver\Mysql.class.php Á¨¨ 52 Ë°å.
SQL: SHOW COLUMNS FROM `b_teacher_list` [ RunTime:0.006000s ]
SQL: SELECT * FROM `b_teacher_list`  [ RunTime:0.001000s ]
INFO: [ view_parse ] --START--
INFO: [ template_filter ] --START--
INFO: Run Behavior\ContentReplaceBehavior [ RunTime:0.001000s ]
INFO: [ template_filter ] --END-- [ RunTime:0.001000s ]
INFO: Run Behavior\ParseTemplateBehavior [ RunTime:0.019001s ]
INFO: [ view_parse ] --END-- [ RunTime:0.019001s ]
INFO: [ view_filter ] --START--
INFO: Run Behavior\WriteHtmlCacheBehavior [ RunTime:0.004000s ]
INFO: [ view_filter ] --END-- [ RunTime:0.005000s ]
NOTIC: [8] Undefined index: p E:\bbs\bbsGit\Admin\Home\Controller\TeachController.class.php Á¨¨ 40 Ë°å.
NOTIC: [8] Undefined index: limit E:\bbs\bbsGit\ThinkPHP\Library\Think\Db.class.php Á¨¨ 788 Ë°å.
SQL: SELECT * FROM `b_teacher_list` LIMIT 0,20   [ RunTime:0.001000s ]
SQL: SELECT COUNT(*) AS tp_count FROM `b_teacher_list` LIMIT 1   [ RunTime:0.001001s ]
INFO: [ app_end ] --START--
INFO: Run Behavior\ShowPageTraceBehavior [ RunTime:0.004000s ]
INFO: [ app_end ] --END-- [ RunTime:0.004000s ]

[ 2014-12-07T18:36:11+08:00 ] 127.0.0.1 /bbsGit/admin.php/Home/Teach/teacher_list
INFO: [ app_init ] --START--
INFO: Run Behavior\BuildLiteBehavior [ RunTime:0.001000s ]
INFO: [ app_init ] --END-- [ RunTime:0.002001s ]
INFO: [ app_begin ] --START--
INFO: Run Behavior\ReadHtmlCacheBehavior [ RunTime:0.005000s ]
INFO: [ app_begin ] --END-- [ RunTime:0.005000s ]
NOTIC: [8192] mysql_connect(): The mysql extension is deprecated and will be removed in the future: use mysqli or PDO instead E:\bbs\bbsGit\ThinkPHP\Library\Think\Db\Driver\Mysql.class.php Á¨¨ 52 Ë°å.
SQL: SHOW COLUMNS FROM `b_teacher_list` [ RunTime:0.004000s ]
SQL: SELECT * FROM `b_teacher_list`  [ RunTime:0.001000s ]
INFO: [ view_parse ] --START--
INFO: [ template_filter ] --START--
INFO: Run Behavior\ContentReplaceBehavior [ RunTime:0.000000s ]
INFO: [ template_filter ] --END-- [ RunTime:0.000000s ]
INFO: Run Behavior\ParseTemplateBehavior [ RunTime:0.021001s ]
INFO: [ view_parse ] --END-- [ RunTime:0.021001s ]
INFO: [ view_filter ] --START--
INFO: Run Behavior\WriteHtmlCacheBehavior [ RunTime:0.003001s ]
INFO: [ view_filter ] --END-- [ RunTime:0.003001s ]
NOTIC: [8] Undefined index: p E:\bbs\bbsGit\Admin\Home\Controller\TeachController.class.php Á¨¨ 40 Ë°å.
NOTIC: [8] Undefined index: limit E:\bbs\bbsGit\ThinkPHP\Library\Think\Db.class.php Á¨¨ 788 Ë°å.
SQL: SELECT * FROM `b_teacher_list` LIMIT 0,20   [ RunTime:0.001000s ]
SQL: SELECT COUNT(*) AS tp_count FROM `b_teacher_list` LIMIT 1   [ RunTime:0.001000s ]
INFO: [ app_end ] --START--
INFO: Run Behavior\ShowPageTraceBehavior [ RunTime:0.003000s ]
INFO: [ app_end ] --END-- [ RunTime:0.003000s ]

[ 2014-12-07T18:36:13+08:00 ] 127.0.0.1 /bbsGit/admin.php/Home/Teach/teacher_list
INFO: [ app_init ] --START--
INFO: Run Behavior\BuildLiteBehavior [ RunTime:0.000000s ]
INFO: [ app_init ] --END-- [ RunTime:0.002001s ]
INFO: [ app_begin ] --START--
INFO: Run Behavior\ReadHtmlCacheBehavior [ RunTime:0.005000s ]
INFO: [ app_begin ] --END-- [ RunTime:0.005000s ]
NOTIC: [8192] mysql_connect(): The mysql extension is deprecated and will be removed in the future: use mysqli or PDO instead E:\bbs\bbsGit\ThinkPHP\Library\Think\Db\Driver\Mysql.class.php Á¨¨ 52 Ë°å.
SQL: SHOW COLUMNS FROM `b_teacher_list` [ RunTime:0.004000s ]
SQL: SELECT * FROM `b_teacher_list`  [ RunTime:0.001000s ]
INFO: [ view_parse ] --START--
INFO: [ template_filter ] --START--
INFO: Run Behavior\ContentReplaceBehavior [ RunTime:0.000000s ]
INFO: [ template_filter ] --END-- [ RunTime:0.000000s ]
INFO: Run Behavior\ParseTemplateBehavior [ RunTime:0.020002s ]
INFO: [ view_parse ] --END-- [ RunTime:0.020002s ]
INFO: [ view_filter ] --START--
INFO: Run Behavior\WriteHtmlCacheBehavior [ RunTime:0.004000s ]
INFO: [ view_filter ] --END-- [ RunTime:0.005000s ]
NOTIC: [8] Undefined index: p E:\bbs\bbsGit\Admin\Home\Controller\TeachController.class.php Á¨¨ 40 Ë°å.
NOTIC: [8] Undefined index: limit E:\bbs\bbsGit\ThinkPHP\Library\Think\Db.class.php Á¨¨ 788 Ë°å.
SQL: SELECT * FROM `b_teacher_list` LIMIT 0,20   [ RunTime:0.001000s ]
SQL: SELECT COUNT(*) AS tp_count FROM `b_teacher_list` LIMIT 1   [ RunTime:0.001000s ]
INFO: [ app_end ] --START--
INFO: Run Behavior\ShowPageTraceBehavior [ RunTime:0.003000s ]
INFO: [ app_end ] --END-- [ RunTime:0.003000s ]

[ 2014-12-07T18:37:07+08:00 ] 127.0.0.1 /bbsGit/admin.php/Home/Teach/add_teacher
INFO: [ app_init ] --START--
INFO: Run Behavior\BuildLiteBehavior [ RunTime:0.000000s ]
INFO: [ app_init ] --END-- [ RunTime:0.001000s ]
INFO: [ app_begin ] --START--
INFO: Run Behavior\ReadHtmlCacheBehavior [ RunTime:0.003000s ]
INFO: [ app_begin ] --END-- [ RunTime:0.003000s ]
NOTIC: [8192] mysql_connect(): The mysql extension is deprecated and will be removed in the future: use mysqli or PDO instead E:\bbs\bbsGit\ThinkPHP\Library\Think\Db\Driver\Mysql.class.php Á¨¨ 52 Ë°å.
SQL: SHOW COLUMNS FROM `teacher_fen` [ RunTime:0.005000s ]
SQL: SELECT * FROM `teacher_fen`  [ RunTime:0.000000s ]
INFO: [ view_parse ] --START--
INFO: [ template_filter ] --START--
INFO: Run Behavior\ContentReplaceBehavior [ RunTime:0.000000s ]
INFO: [ template_filter ] --END-- [ RunTime:0.000000s ]
INFO: Run Behavior\ParseTemplateBehavior [ RunTime:0.021001s ]
INFO: [ view_parse ] --END-- [ RunTime:0.021001s ]
INFO: [ view_filter ] --START--
INFO: Run Behavior\WriteHtmlCacheBehavior [ RunTime:0.003001s ]
INFO: [ view_filter ] --END-- [ RunTime:0.003001s ]
INFO: [ app_end ] --START--
INFO: Run Behavior\ShowPageTraceBehavior [ RunTime:0.003000s ]
INFO: [ app_end ] --END-- [ RunTime:0.003000s ]

[ 2014-12-07T18:37:19+08:00 ] 127.0.0.1 /bbsGit/admin.php/Home/Teach/insert
INFO: [ app_init ] --START--
INFO: Run Behavior\BuildLiteBehavior [ RunTime:0.000000s ]
INFO: [ app_init ] --END-- [ RunTime:0.001000s ]
INFO: [ app_begin ] --START--
INFO: Run Behavior\ReadHtmlCacheBehavior [ RunTime:0.009001s ]
INFO: [ app_begin ] --END-- [ RunTime:0.009001s ]
NOTIC: [8192] mysql_connect(): The mysql extension is deprecated and will be removed in the future: use mysqli or PDO instead E:\bbs\bbsGit\ThinkPHP\Library\Think\Db\Driver\Mysql.class.php Á¨¨ 52 Ë°å.
SQL: SHOW COLUMNS FROM `b_teacher_list` [ RunTime:0.006000s ]
NOTIC: [2] call_user_func() expects parameter 1 to be a valid callback, no array or string given E:\bbs\bbsGit\ThinkPHP\Library\Think\Upload.class.php Á¨¨ 170 Ë°å.
SQL: INSERT INTO `b_teacher_list` (`t_name`,`nav_id`,`f_id`,`t_intro`,`t_job`,`t_photo`) VALUES ('‰∫å‰∫å',0,1,'Â§öÁ¶èÂ§öÂØøÂπÖÂ∫¶','3','./uploads/2014-12-07/54842ddfb1e7d.jpg') [ RunTime:0.001000s ]
SQL: INSERT INTO `b_teacher_list` (`t_name`,`nav_id`,`f_id`,`t_intro`,`t_job`,`t_photo`) VALUES ('‰∫å‰∫å',0,1,'Â§öÁ¶èÂ§öÂØøÂπÖÂ∫¶','3','./uploads/2014-12-07/54842ddfb1e7d.jpg') [ RunTime:0.001000s ]
INFO: [ app_end ] --START--
INFO: Run Behavior\ShowPageTraceBehavior [ RunTime:0.003001s ]
INFO: [ app_end ] --END-- [ RunTime:0.003001s ]

[ 2014-12-07T18:37:19+08:00 ] 127.0.0.1 /bbsGit/admin.php/Home/Teach/teacher_list.html
INFO: [ app_init ] --START--
INFO: Run Behavior\BuildLiteBehavior [ RunTime:0.000000s ]
INFO: [ app_init ] --END-- [ RunTime:0.001001s ]
INFO: [ app_begin ] --START--
INFO: Run Behavior\ReadHtmlCacheBehavior [ RunTime:0.003000s ]
INFO: [ app_begin ] --END-- [ RunTime:0.003000s ]
NOTIC: [8192] mysql_connect(): The mysql extension is deprecated and will be removed in the future: use mysqli or PDO instead E:\bbs\bbsGit\ThinkPHP\Library\Think\Db\Driver\Mysql.class.php Á¨¨ 52 Ë°å.
SQL: SHOW COLUMNS FROM `b_teacher_list` [ RunTime:0.007001s ]
SQL: SELECT * FROM `b_teacher_list`  [ RunTime:0.002000s ]
INFO: [ view_parse ] --START--
INFO: [ template_filter ] --START--
INFO: Run Behavior\ContentReplaceBehavior [ RunTime:0.000000s ]
INFO: [ template_filter ] --END-- [ RunTime:0.000000s ]
INFO: Run Behavior\ParseTemplateBehavior [ RunTime:0.018001s ]
INFO: [ view_parse ] --END-- [ RunTime:0.018001s ]
INFO: [ view_filter ] --START--
INFO: Run Behavior\WriteHtmlCacheBehavior [ RunTime:0.003000s ]
INFO: [ view_filter ] --END-- [ RunTime:0.003000s ]
NOTIC: [8] Undefined index: p E:\bbs\bbsGit\Admin\Home\Controller\TeachController.class.php Á¨¨ 40 Ë°å.
NOTIC: [8] Undefined index: limit E:\bbs\bbsGit\ThinkPHP\Library\Think\Db.class.php Á¨¨ 788 Ë°å.
SQL: SELECT * FROM `b_teacher_list` LIMIT 0,20   [ RunTime:0.001000s ]
SQL: SELECT COUNT(*) AS tp_count FROM `b_teacher_list` LIMIT 1   [ RunTime:0.001000s ]
INFO: [ app_end ] --START--
INFO: Run Behavior\ShowPageTraceBehavior [ RunTime:0.003000s ]
INFO: [ app_end ] --END-- [ RunTime:0.003000s ]

[ 2014-12-07T18:40:21+08:00 ] 127.0.0.1 /bbsGit/admin.php/Home/Teach/teacher_list
INFO: [ app_init ] --START--
INFO: Run Behavior\BuildLiteBehavior [ RunTime:0.000000s ]
INFO: [ app_init ] --END-- [ RunTime:0.001000s ]
INFO: [ app_begin ] --START--
INFO: Run Behavior\ReadHtmlCacheBehavior [ RunTime:0.003000s ]
INFO: [ app_begin ] --END-- [ RunTime:0.003000s ]
NOTIC: [8192] mysql_connect(): The mysql extension is deprecated and will be removed in the future: use mysqli or PDO instead E:\bbs\bbsGit\ThinkPHP\Library\Think\Db\Driver\Mysql.class.php Á¨¨ 52 Ë°å.
SQL: SHOW COLUMNS FROM `b_teacher_list` [ RunTime:0.006000s ]
SQL: SELECT * FROM `b_teacher_list`  [ RunTime:0.001000s ]
INFO: [ view_parse ] --START--
INFO: [ template_filter ] --START--
INFO: Run Behavior\ContentReplaceBehavior [ RunTime:0.001000s ]
INFO: [ template_filter ] --END-- [ RunTime:0.001000s ]
INFO: Run Behavior\ParseTemplateBehavior [ RunTime:0.020001s ]
INFO: [ view_parse ] --END-- [ RunTime:0.021001s ]
INFO: [ view_filter ] --START--
INFO: Run Behavior\WriteHtmlCacheBehavior [ RunTime:0.003000s ]
INFO: [ view_filter ] --END-- [ RunTime:0.003000s ]
NOTIC: [8] Undefined index: p E:\bbs\bbsGit\Admin\Home\Controller\TeachController.class.php Á¨¨ 40 Ë°å.
NOTIC: [8] Undefined index: limit E:\bbs\bbsGit\ThinkPHP\Library\Think\Db.class.php Á¨¨ 788 Ë°å.
SQL: SELECT * FROM `b_teacher_list` LIMIT 0,20   [ RunTime:0.001000s ]
SQL: SELECT COUNT(*) AS tp_count FROM `b_teacher_list` LIMIT 1   [ RunTime:0.001001s ]
INFO: [ app_end ] --START--
INFO: Run Behavior\ShowPageTraceBehavior [ RunTime:0.002000s ]
INFO: [ app_end ] --END-- [ RunTime:0.003000s ]

[ 2014-12-07T18:40:35+08:00 ] 127.0.0.1 /bbsGit/admin.php/Home/Teach/teacher_list
INFO: [ app_init ] --START--
INFO: Run Behavior\BuildLiteBehavior [ RunTime:0.000000s ]
INFO: [ app_init ] --END-- [ RunTime:0.002001s ]
INFO: [ app_begin ] --START--
INFO: Run Behavior\ReadHtmlCacheBehavior [ RunTime:0.003000s ]
INFO: [ app_begin ] --END-- [ RunTime:0.003000s ]
NOTIC: [8192] mysql_connect(): The mysql extension is deprecated and will be removed in the future: use mysqli or PDO instead E:\bbs\bbsGit\ThinkPHP\Library\Think\Db\Driver\Mysql.class.php Á¨¨ 52 Ë°å.
SQL: SHOW COLUMNS FROM `b_teacher_list` [ RunTime:0.007000s ]
SQL: SELECT * FROM `b_teacher_list`  [ RunTime:0.003001s ]
INFO: [ view_parse ] --START--
INFO: [ template_filter ] --START--
INFO: Run Behavior\ContentReplaceBehavior [ RunTime:0.000000s ]
INFO: [ template_filter ] --END-- [ RunTime:0.000000s ]
INFO: Run Behavior\ParseTemplateBehavior [ RunTime:0.017001s ]
INFO: [ view_parse ] --END-- [ RunTime:0.017001s ]
INFO: [ view_filter ] --START--
INFO: Run Behavior\WriteHtmlCacheBehavior [ RunTime:0.002000s ]
INFO: [ view_filter ] --END-- [ RunTime:0.003000s ]
NOTIC: [8] Undefined index: p E:\bbs\bbsGit\Admin\Home\Controller\TeachController.class.php Á¨¨ 40 Ë°å.
NOTIC: [8] Undefined index: limit E:\bbs\bbsGit\ThinkPHP\Library\Think\Db.class.php Á¨¨ 788 Ë°å.
SQL: SELECT * FROM `b_teacher_list` LIMIT 0,20   [ RunTime:0.001000s ]
SQL: SELECT COUNT(*) AS tp_count FROM `b_teacher_list` LIMIT 1   [ RunTime:0.000000s ]
INFO: [ app_end ] --START--
INFO: Run Behavior\ShowPageTraceBehavior [ RunTime:0.003000s ]
INFO: [ app_end ] --END-- [ RunTime:0.004000s ]

[ 2014-12-07T18:40:45+08:00 ] 127.0.0.1 /bbsGit/admin.php/Home/Teach/add_teacher
INFO: [ app_init ] --START--
INFO: Run Behavior\BuildLiteBehavior [ RunTime:0.000000s ]
INFO: [ app_init ] --END-- [ RunTime:0.001000s ]
INFO: [ app_begin ] --START--
INFO: Run Behavior\ReadHtmlCacheBehavior [ RunTime:0.005000s ]
INFO: [ app_begin ] --END-- [ RunTime:0.005000s ]
NOTIC: [8192] mysql_connect(): The mysql extension is deprecated and will be removed in the future: use mysqli or PDO instead E:\bbs\bbsGit\ThinkPHP\Library\Think\Db\Driver\Mysql.class.php Á¨¨ 52 Ë°å.
SQL: SHOW COLUMNS FROM `teacher_fen` [ RunTime:0.006000s ]
SQL: SELECT * FROM `teacher_fen`  [ RunTime:0.001000s ]
INFO: [ view_parse ] --START--
INFO: [ template_filter ] --START--
INFO: Run Behavior\ContentReplaceBehavior [ RunTime:0.000000s ]
INFO: [ template_filter ] --END-- [ RunTime:0.000000s ]
INFO: Run Behavior\ParseTemplateBehavior [ RunTime:0.021001s ]
INFO: [ view_parse ] --END-- [ RunTime:0.022001s ]
INFO: [ view_filter ] --START--
INFO: Run Behavior\WriteHtmlCacheBehavior [ RunTime:0.003000s ]
INFO: [ view_filter ] --END-- [ RunTime:0.003000s ]
INFO: [ app_end ] --START--
INFO: Run Behavior\ShowPageTraceBehavior [ RunTime:0.003001s ]
INFO: [ app_end ] --END-- [ RunTime:0.003001s ]

[ 2014-12-07T18:41:26+08:00 ] 127.0.0.1 /bbsGit/admin.php/Home/Teach/insert
INFO: [ app_init ] --START--
INFO: Run Behavior\BuildLiteBehavior [ RunTime:0.000000s ]
INFO: [ app_init ] --END-- [ RunTime:0.002000s ]
INFO: [ app_begin ] --START--
INFO: Run Behavior\ReadHtmlCacheBehavior [ RunTime:0.005000s ]
INFO: [ app_begin ] --END-- [ RunTime:0.005000s ]
NOTIC: [8192] mysql_connect(): The mysql extension is deprecated and will be removed in the future: use mysqli or PDO instead E:\bbs\bbsGit\ThinkPHP\Library\Think\Db\Driver\Mysql.class.php Á¨¨ 52 Ë°å.
SQL: SHOW COLUMNS FROM `b_teacher_list` [ RunTime:0.004000s ]
NOTIC: [2] call_user_func() expects parameter 1 to be a valid callback, no array or string given E:\bbs\bbsGit\ThinkPHP\Library\Think\Upload.class.php Á¨¨ 170 Ë°å.
SQL: INSERT INTO `b_teacher_list` (`t_name`,`nav_id`,`f_id`,`t_intro`,`t_job`,`t_photo`) VALUES ('Êù®Ê¥ã',3,1,'Â§ßÊñπÁöÑËØ¥Ê≥ïÂ§öÂèë','È´òÁ∫ßËÆ≤Â∏àÔºåÂüπËÆ≠Â∏à','./uploads/2014-12-07/54842ed6ae07c.jpg') [ RunTime:0.001000s ]
SQL: INSERT INTO `b_teacher_list` (`t_name`,`nav_id`,`f_id`,`t_intro`,`t_job`,`t_photo`) VALUES ('Êù®Ê¥ã',3,1,'Â§ßÊñπÁöÑËØ¥Ê≥ïÂ§öÂèë','È´òÁ∫ßËÆ≤Â∏àÔºåÂüπËÆ≠Â∏à','./uploads/2014-12-07/54842ed6ae07c.jpg') [ RunTime:0.002000s ]
INFO: [ app_end ] --START--
INFO: Run Behavior\ShowPageTraceBehavior [ RunTime:0.005000s ]
INFO: [ app_end ] --END-- [ RunTime:0.005000s ]

[ 2014-12-07T18:41:26+08:00 ] 127.0.0.1 /bbsGit/admin.php/Home/Teach/teacher_list.html
INFO: [ app_init ] --START--
INFO: Run Behavior\BuildLiteBehavior [ RunTime:0.000000s ]
INFO: [ app_init ] --END-- [ RunTime:0.002000s ]
INFO: [ app_begin ] --START--
INFO: Run Behavior\ReadHtmlCacheBehavior [ RunTime:0.022001s ]
INFO: [ app_begin ] --END-- [ RunTime:0.022001s ]
NOTIC: [8192] mysql_connect(): The mysql extension is deprecated and will be removed in the future: use mysqli or PDO instead E:\bbs\bbsGit\ThinkPHP\Library\Think\Db\Driver\Mysql.class.php Á¨¨ 52 Ë°å.
SQL: SHOW COLUMNS FROM `b_teacher_list` [ RunTime:0.006000s ]
SQL: SELECT * FROM `b_teacher_list`  [ RunTime:0.001001s ]
INFO: [ view_parse ] --START--
INFO: [ template_filter ] --START--
INFO: Run Behavior\ContentReplaceBehavior [ RunTime:0.000000s ]
INFO: [ template_filter ] --END-- [ RunTime:0.000000s ]
INFO: Run Behavior\ParseTemplateBehavior [ RunTime:0.020001s ]
INFO: [ view_parse ] --END-- [ RunTime:0.020001s ]
INFO: [ view_filter ] --START--
INFO: Run Behavior\WriteHtmlCacheBehavior [ RunTime:0.002000s ]
INFO: [ view_filter ] --END-- [ RunTime:0.002000s ]
NOTIC: [8] Undefined index: p E:\bbs\bbsGit\Admin\Home\Controller\TeachController.class.php Á¨¨ 40 Ë°å.
NOTIC: [8] Undefined index: limit E:\bbs\bbsGit\ThinkPHP\Library\Think\Db.class.php Á¨¨ 788 Ë°å.
SQL: SELECT * FROM `b_teacher_list` LIMIT 0,20   [ RunTime:0.000000s ]
SQL: SELECT COUNT(*) AS tp_count FROM `b_teacher_list` LIMIT 1   [ RunTime:0.001000s ]
INFO: [ app_end ] --START--
INFO: Run Behavior\ShowPageTraceBehavior [ RunTime:0.003000s ]
INFO: [ app_end ] --END-- [ RunTime:0.003000s ]

[ 2014-12-07T18:41:52+08:00 ] 127.0.0.1 /bbsGit/admin.php/Home/Teach/add_teacher
INFO: [ app_init ] --START--
INFO: Run Behavior\BuildLiteBehavior [ RunTime:0.000000s ]
INFO: [ app_init ] --END-- [ RunTime:0.002000s ]
INFO: [ app_begin ] --START--
INFO: Run Behavior\ReadHtmlCacheBehavior [ RunTime:0.003000s ]
INFO: [ app_begin ] --END-- [ RunTime:0.004000s ]
NOTIC: [8192] mysql_connect(): The mysql extension is deprecated and will be removed in the future: use mysqli or PDO instead E:\bbs\bbsGit\ThinkPHP\Library\Think\Db\Driver\Mysql.class.php Á¨¨ 52 Ë°å.
SQL: SHOW COLUMNS FROM `teacher_fen` [ RunTime:0.004000s ]
SQL: SELECT * FROM `teacher_fen`  [ RunTime:0.001000s ]
INFO: [ view_parse ] --START--
INFO: [ template_filter ] --START--
INFO: Run Behavior\ContentReplaceBehavior [ RunTime:0.000000s ]
INFO: [ template_filter ] --END-- [ RunTime:0.000000s ]
INFO: Run Behavior\ParseTemplateBehavior [ RunTime:0.027002s ]
INFO: [ view_parse ] --END-- [ RunTime:0.027002s ]
INFO: [ view_filter ] --START--
INFO: Run Behavior\WriteHtmlCacheBehavior [ RunTime:0.002000s ]
INFO: [ view_filter ] --END-- [ RunTime:0.002000s ]
INFO: [ app_end ] --START--
INFO: Run Behavior\ShowPageTraceBehavior [ RunTime:0.002000s ]
INFO: [ app_end ] --END-- [ RunTime:0.002000s ]

[ 2014-12-07T18:42:16+08:00 ] 127.0.0.1 /bbsGit/admin.php/Home/Teach/insert
INFO: [ app_init ] --START--
INFO: Run Behavior\BuildLiteBehavior [ RunTime:0.000000s ]
INFO: [ app_init ] --END-- [ RunTime:0.001000s ]
INFO: [ app_begin ] --START--
INFO: Run Behavior\ReadHtmlCacheBehavior [ RunTime:0.001000s ]
INFO: [ app_begin ] --END-- [ RunTime:0.001000s ]
NOTIC: [8192] mysql_connect(): The mysql extension is deprecated and will be removed in the future: use mysqli or PDO instead E:\bbs\bbsGit\ThinkPHP\Library\Think\Db\Driver\Mysql.class.php Á¨¨ 52 Ë°å.
SQL: SHOW COLUMNS FROM `b_teacher_list` [ RunTime:0.006000s ]
NOTIC: [2] call_user_func() expects parameter 1 to be a valid callback, no array or string given E:\bbs\bbsGit\ThinkPHP\Library\Think\Upload.class.php Á¨¨ 170 Ë°å.
SQL: INSERT INTO `b_teacher_list` (`t_name`,`nav_id`,`f_id`,`t_intro`,`t_job`,`t_photo`) VALUES ('ËµµËæ∞',3,1,'ÁöÑÊñπÂºèËææÂà∞ÂèëËææ','È´òÁ∫ßËÆ≤Â∏à','./uploads/2014-12-07/54842f08b8fba.jpg') [ RunTime:0.001000s ]
INFO: [ app_end ] --START--
INFO: Run Behavior\ShowPageTraceBehavior [ RunTime:0.004001s ]
INFO: [ app_end ] --END-- [ RunTime:0.004001s ]

[ 2014-12-07T18:42:16+08:00 ] 127.0.0.1 /bbsGit/admin.php/Home/Teach/teacher_list.html
INFO: [ app_init ] --START--
INFO: Run Behavior\BuildLiteBehavior [ RunTime:0.000000s ]
INFO: [ app_init ] --END-- [ RunTime:0.002000s ]
INFO: [ app_begin ] --START--
INFO: Run Behavior\ReadHtmlCacheBehavior [ RunTime:0.002000s ]
INFO: [ app_begin ] --END-- [ RunTime:0.002000s ]
NOTIC: [8192] mysql_connect(): The mysql extension is deprecated and will be removed in the future: use mysqli or PDO instead E:\bbs\bbsGit\ThinkPHP\Library\Think\Db\Driver\Mysql.class.php Á¨¨ 52 Ë°å.
SQL: SHOW COLUMNS FROM `b_teacher_list` [ RunTime:0.004000s ]
SQL: SELECT * FROM `b_teacher_list`  [ RunTime:0.002000s ]
INFO: [ view_parse ] --START--
INFO: [ template_filter ] --START--
INFO: Run Behavior\ContentReplaceBehavior [ RunTime:0.000000s ]
INFO: [ template_filter ] --END-- [ RunTime:0.000000s ]
INFO: Run Behavior\ParseTemplateBehavior [ RunTime:0.063004s ]
INFO: [ view_parse ] --END-- [ RunTime:0.064004s ]
INFO: [ view_filter ] --START--
INFO: Run Behavior\WriteHtmlCacheBehavior [ RunTime:0.002000s ]
INFO: [ view_filter ] --END-- [ RunTime:0.002000s ]
NOTIC: [8] Undefined index: p E:\bbs\bbsGit\Admin\Home\Controller\TeachController.class.php Á¨¨ 39 Ë°å.
NOTIC: [8] Undefined index: limit E:\bbs\bbsGit\ThinkPHP\Library\Think\Db.class.php Á¨¨ 788 Ë°å.
SQL: SELECT * FROM `b_teacher_list` LIMIT 0,20   [ RunTime:0.001000s ]
SQL: SELECT COUNT(*) AS tp_count FROM `b_teacher_list` LIMIT 1   [ RunTime:0.001000s ]
INFO: [ app_end ] --START--
INFO: Run Behavior\ShowPageTraceBehavior [ RunTime:0.002001s ]
INFO: [ app_end ] --END-- [ RunTime:0.002001s ]

[ 2014-12-07T18:43:19+08:00 ] 127.0.0.1 /bbsGit/admin.php/Home/Teach/teacher_list
INFO: [ app_init ] --START--
INFO: Run Behavior\BuildLiteBehavior [ RunTime:0.000000s ]
INFO: [ app_init ] --END-- [ RunTime:0.001000s ]
INFO: [ app_begin ] --START--
INFO: Run Behavior\ReadHtmlCacheBehavior [ RunTime:0.002000s ]
INFO: [ app_begin ] --END-- [ RunTime:0.003000s ]
NOTIC: [8192] mysql_connect(): The mysql extension is deprecated and will be removed in the future: use mysqli or PDO instead E:\bbs\bbsGit\ThinkPHP\Library\Think\Db\Driver\Mysql.class.php Á¨¨ 52 Ë°å.
SQL: SHOW COLUMNS FROM `b_teacher_list` [ RunTime:0.005001s ]
NOTIC: [8] Undefined index: p E:\bbs\bbsGit\Admin\Home\Controller\TeachController.class.php Á¨¨ 36 Ë°å.
NOTIC: [8] Undefined index: limit E:\bbs\bbsGit\ThinkPHP\Library\Think\Db.class.php Á¨¨ 788 Ë°å.
SQL: SELECT * FROM `b_teacher_list` LIMIT 0,20   [ RunTime:0.001000s ]
SQL: SELECT COUNT(*) AS tp_count FROM `b_teacher_list` LIMIT 1   [ RunTime:0.001000s ]
INFO: [ view_parse ] --START--
INFO: [ template_filter ] --START--
INFO: Run Behavior\ContentReplaceBehavior [ RunTime:0.000000s ]
INFO: [ template_filter ] --END-- [ RunTime:0.001000s ]
INFO: Run Behavior\ParseTemplateBehavior [ RunTime:0.025001s ]
INFO: [ view_parse ] --END-- [ RunTime:0.025001s ]
INFO: [ view_filter ] --START--
INFO: Run Behavior\WriteHtmlCacheBehavior [ RunTime:0.003000s ]
INFO: [ view_filter ] --END-- [ RunTime:0.003000s ]
INFO: [ app_end ] --START--
INFO: Run Behavior\ShowPageTraceBehavior [ RunTime:0.001001s ]
INFO: [ app_end ] --END-- [ RunTime:0.001001s ]

[ 2014-12-07T18:43:22+08:00 ] 127.0.0.1 /bbsGit/admin.php/Home/Teach/teacher_list/p/2.html
INFO: [ app_init ] --START--
INFO: Run Behavior\BuildLiteBehavior [ RunTime:0.000000s ]
INFO: [ app_init ] --END-- [ RunTime:0.001000s ]
INFO: [ app_begin ] --START--
INFO: Run Behavior\ReadHtmlCacheBehavior [ RunTime:0.002000s ]
INFO: [ app_begin ] --END-- [ RunTime:0.002000s ]
NOTIC: [8192] mysql_connect(): The mysql extension is deprecated and will be removed in the future: use mysqli or PDO instead E:\bbs\bbsGit\ThinkPHP\Library\Think\Db\Driver\Mysql.class.php Á¨¨ 52 Ë°å.
SQL: SHOW COLUMNS FROM `b_teacher_list` [ RunTime:0.018001s ]
SQL: SELECT * FROM `b_teacher_list` LIMIT 3,3   [ RunTime:0.001001s ]
SQL: SELECT COUNT(*) AS tp_count FROM `b_teacher_list` LIMIT 1   [ RunTime:0.002000s ]
INFO: [ view_parse ] --START--
INFO: [ template_filter ] --START--
INFO: Run Behavior\ContentReplaceBehavior [ RunTime:0.002000s ]
INFO: [ template_filter ] --END-- [ RunTime:0.002000s ]
INFO: Run Behavior\ParseTemplateBehavior [ RunTime:0.026002s ]
INFO: [ view_parse ] --END-- [ RunTime:0.026002s ]
INFO: [ view_filter ] --START--
INFO: Run Behavior\WriteHtmlCacheBehavior [ RunTime:0.002000s ]
INFO: [ view_filter ] --END-- [ RunTime:0.002000s ]
INFO: [ app_end ] --START--
INFO: Run Behavior\ShowPageTraceBehavior [ RunTime:0.001000s ]
INFO: [ app_end ] --END-- [ RunTime:0.001000s ]

[ 2014-12-07T18:43:23+08:00 ] 127.0.0.1 /bbsGit/admin.php/Home/Teach/teacher_list/p/1.html
INFO: [ app_init ] --START--
INFO: Run Behavior\BuildLiteBehavior [ RunTime:0.000000s ]
INFO: [ app_init ] --END-- [ RunTime:0.004001s ]
INFO: [ app_begin ] --START--
INFO: Run Behavior\ReadHtmlCacheBehavior [ RunTime:0.004001s ]
INFO: [ app_begin ] --END-- [ RunTime:0.005001s ]
NOTIC: [8192] mysql_connect(): The mysql extension is deprecated and will be removed in the future: use mysqli or PDO instead E:\bbs\bbsGit\ThinkPHP\Library\Think\Db\Driver\Mysql.class.php Á¨¨ 52 Ë°å.
SQL: SHOW COLUMNS FROM `b_teacher_list` [ RunTime:0.004000s ]
SQL: SELECT * FROM `b_teacher_list` LIMIT 0,3   [ RunTime:0.001000s ]
SQL: SELECT COUNT(*) AS tp_count FROM `b_teacher_list` LIMIT 1   [ RunTime:0.001001s ]
INFO: [ view_parse ] --START--
INFO: [ template_filter ] --START--
INFO: Run Behavior\ContentReplaceBehavior [ RunTime:0.000000s ]
INFO: [ template_filter ] --END-- [ RunTime:0.000000s ]
INFO: Run Behavior\ParseTemplateBehavior [ RunTime:0.025001s ]
INFO: [ view_parse ] --END-- [ RunTime:0.025001s ]
INFO: [ view_filter ] --START--
INFO: Run Behavior\WriteHtmlCacheBehavior [ RunTime:0.001000s ]
INFO: [ view_filter ] --END-- [ RunTime:0.001000s ]
INFO: [ app_end ] --START--
INFO: Run Behavior\ShowPageTraceBehavior [ RunTime:0.001000s ]
INFO: [ app_end ] --END-- [ RunTime:0.001000s ]

[ 2014-12-07T18:45:30+08:00 ] 127.0.0.1 /bbsGit/admin.php/Home/Teach/edite?id=18
INFO: [ app_init ] --START--
INFO: Run Behavior\BuildLiteBehavior [ RunTime:0.000000s ]
INFO: [ app_init ] --END-- [ RunTime:0.002000s ]
INFO: [ app_begin ] --START--
INFO: Run Behavior\ReadHtmlCacheBehavior [ RunTime:0.005000s ]
INFO: [ app_begin ] --END-- [ RunTime:0.005000s ]
NOTIC: [8192] mysql_connect(): The mysql extension is deprecated and will be removed in the future: use mysqli or PDO instead E:\bbs\bbsGit\ThinkPHP\Library\Think\Db\Driver\Mysql.class.php Á¨¨ 52 Ë°å.
SQL: SHOW COLUMNS FROM `b_teacher_list` [ RunTime:0.005000s ]
SQL: SELECT * FROM `b_teacher_list` INNER JOIN teacher_fen on b_teacher_list.f_id=teacher_fen.f_id  WHERE ( id=18 ) LIMIT 1   [ RunTime:0.001000s ]
SQL: SHOW COLUMNS FROM `teacher_fen` [ RunTime:0.005001s ]
SQL: SELECT * FROM `teacher_fen`  [ RunTime:0.001000s ]
INFO: [ view_parse ] --START--
INFO: [ template_filter ] --START--
INFO: Run Behavior\ContentReplaceBehavior [ RunTime:0.000000s ]
INFO: [ template_filter ] --END-- [ RunTime:0.000000s ]
INFO: Run Behavior\ParseTemplateBehavior [ RunTime:0.036002s ]
INFO: [ view_parse ] --END-- [ RunTime:0.036002s ]
INFO: [ view_filter ] --START--
INFO: Run Behavior\WriteHtmlCacheBehavior [ RunTime:0.001000s ]
INFO: [ view_filter ] --END-- [ RunTime:0.001000s ]
INFO: [ app_end ] --START--
INFO: Run Behavior\ShowPageTraceBehavior [ RunTime:0.001000s ]
INFO: [ app_end ] --END-- [ RunTime:0.002000s ]

[ 2014-12-07T18:45:32+08:00 ] 127.0.0.1 /bbsGit/admin.php/Home/Teach/teacher_list
INFO: [ app_init ] --START--
INFO: Run Behavior\BuildLiteBehavior [ RunTime:0.000000s ]
INFO: [ app_init ] --END-- [ RunTime:0.003001s ]
INFO: [ app_begin ] --START--
INFO: Run Behavior\ReadHtmlCacheBehavior [ RunTime:0.002000s ]
INFO: [ app_begin ] --END-- [ RunTime:0.003000s ]
NOTIC: [8192] mysql_connect(): The mysql extension is deprecated and will be removed in the future: use mysqli or PDO instead E:\bbs\bbsGit\ThinkPHP\Library\Think\Db\Driver\Mysql.class.php Á¨¨ 52 Ë°å.
SQL: SHOW COLUMNS FROM `b_teacher_list` [ RunTime:0.004000s ]
NOTIC: [8] Undefined index: p E:\bbs\bbsGit\Admin\Home\Controller\TeachController.class.php Á¨¨ 36 Ë°å.
NOTIC: [8] Undefined index: limit E:\bbs\bbsGit\ThinkPHP\Library\Think\Db.class.php Á¨¨ 788 Ë°å.
SQL: SELECT * FROM `b_teacher_list` LIMIT 0,20   [ RunTime:0.002000s ]
SQL: SELECT COUNT(*) AS tp_count FROM `b_teacher_list` LIMIT 1   [ RunTime:0.000000s ]
INFO: [ view_parse ] --START--
INFO: [ template_filter ] --START--
INFO: Run Behavior\ContentReplaceBehavior [ RunTime:0.000000s ]
INFO: [ template_filter ] --END-- [ RunTime:0.000000s ]
INFO: Run Behavior\ParseTemplateBehavior [ RunTime:0.020001s ]
INFO: [ view_parse ] --END-- [ RunTime:0.021001s ]
INFO: [ view_filter ] --START--
INFO: Run Behavior\WriteHtmlCacheBehavior [ RunTime:0.001000s ]
INFO: [ view_filter ] --END-- [ RunTime:0.001000s ]
INFO: [ app_end ] --START--
INFO: Run Behavior\ShowPageTraceBehavior [ RunTime:0.002000s ]
INFO: [ app_end ] --END-- [ RunTime:0.002000s ]

[ 2014-12-07T18:46:01+08:00 ] 127.0.0.1 /bbsGit/admin.php/Home/Teach/del?id=17
INFO: [ app_init ] --START--
INFO: Run Behavior\BuildLiteBehavior [ RunTime:0.000000s ]
INFO: [ app_init ] --END-- [ RunTime:0.001000s ]
INFO: [ app_begin ] --START--
INFO: Run Behavior\ReadHtmlCacheBehavior [ RunTime:0.002001s ]
INFO: [ app_begin ] --END-- [ RunTime:0.002001s ]
NOTIC: [8192] mysql_connect(): The mysql extension is deprecated and will be removed in the future: use mysqli or PDO instead E:\bbs\bbsGit\ThinkPHP\Library\Think\Db\Driver\Mysql.class.php Á¨¨ 52 Ë°å.
SQL: SHOW COLUMNS FROM `b_teacher_list` [ RunTime:0.005001s ]
SQL: DELETE FROM `b_teacher_list` WHERE ( id=17 ) [ RunTime:0.001000s ]
INFO: [ view_parse ] --START--
INFO: [ template_filter ] --START--
INFO: Run Behavior\ContentReplaceBehavior [ RunTime:0.000000s ]
INFO: [ template_filter ] --END-- [ RunTime:0.000000s ]
INFO: Run Behavior\ParseTemplateBehavior [ RunTime:0.016001s ]
INFO: [ view_parse ] --END-- [ RunTime:0.016001s ]
INFO: [ view_filter ] --START--
INFO: Run Behavior\WriteHtmlCacheBehavior [ RunTime:0.002000s ]
INFO: [ view_filter ] --END-- [ RunTime:0.002000s ]
INFO: [ app_end ] --START--
INFO: Run Behavior\ShowPageTraceBehavior [ RunTime:0.002000s ]
INFO: [ app_end ] --END-- [ RunTime:0.002000s ]

[ 2014-12-07T18:46:03+08:00 ] 127.0.0.1 /bbsGit/admin.php/Home/Teach/teacher_list.html
INFO: [ app_init ] --START--
INFO: Run Behavior\BuildLiteBehavior [ RunTime:0.000000s ]
INFO: [ app_init ] --END-- [ RunTime:0.001000s ]
INFO: [ app_begin ] --START--
INFO: Run Behavior\ReadHtmlCacheBehavior [ RunTime:0.002000s ]
INFO: [ app_begin ] --END-- [ RunTime:0.002000s ]
NOTIC: [8192] mysql_connect(): The mysql extension is deprecated and will be removed in the future: use mysqli or PDO instead E:\bbs\bbsGit\ThinkPHP\Library\Think\Db\Driver\Mysql.class.php Á¨¨ 52 Ë°å.
SQL: SHOW COLUMNS FROM `b_teacher_list` [ RunTime:0.005001s ]
NOTIC: [8] Undefined index: p E:\bbs\bbsGit\Admin\Home\Controller\TeachController.class.php Á¨¨ 36 Ë°å.
NOTIC: [8] Undefined index: limit E:\bbs\bbsGit\ThinkPHP\Library\Think\Db.class.php Á¨¨ 788 Ë°å.
SQL: SELECT * FROM `b_teacher_list` LIMIT 0,20   [ RunTime:0.001000s ]
SQL: SELECT COUNT(*) AS tp_count FROM `b_teacher_list` LIMIT 1   [ RunTime:0.001000s ]
INFO: [ view_parse ] --START--
INFO: [ template_filter ] --START--
INFO: Run Behavior\ContentReplaceBehavior [ RunTime:0.000000s ]
INFO: [ template_filter ] --END-- [ RunTime:0.000000s ]
INFO: Run Behavior\ParseTemplateBehavior [ RunTime:0.018001s ]
INFO: [ view_parse ] --END-- [ RunTime:0.018001s ]
INFO: [ view_filter ] --START--
INFO: Run Behavior\WriteHtmlCacheBehavior [ RunTime:0.003000s ]
INFO: [ view_filter ] --END-- [ RunTime:0.003000s ]
INFO: [ app_end ] --START--
INFO: Run Behavior\ShowPageTraceBehavior [ RunTime:0.002000s ]
INFO: [ app_end ] --END-- [ RunTime:0.002000s ]

[ 2014-12-07T18:46:52+08:00 ] 127.0.0.1 /bbsGit/admin.php/Home/Teach/teacher_list
INFO: [ app_init ] --START--
INFO: Run Behavior\BuildLiteBehavior [ RunTime:0.000000s ]
INFO: [ app_init ] --END-- [ RunTime:0.001000s ]
INFO: [ app_begin ] --START--
INFO: Run Behavior\ReadHtmlCacheBehavior [ RunTime:0.001000s ]
INFO: [ app_begin ] --END-- [ RunTime:0.002000s ]
NOTIC: [8192] mysql_connect(): The mysql extension is deprecated and will be removed in the future: use mysqli or PDO instead E:\bbs\bbsGit\ThinkPHP\Library\Think\Db\Driver\Mysql.class.php Á¨¨ 52 Ë°å.
SQL: SHOW COLUMNS FROM `b_teacher_list` [ RunTime:0.006000s ]
NOTIC: [8] Undefined index: p E:\bbs\bbsGit\Admin\Home\Controller\TeachController.class.php Á¨¨ 36 Ë°å.
NOTIC: [8] Undefined index: limit E:\bbs\bbsGit\ThinkPHP\Library\Think\Db.class.php Á¨¨ 788 Ë°å.
SQL: SELECT * FROM `b_teacher_list` LIMIT 0,20   [ RunTime:0.001000s ]
SQL: SELECT COUNT(*) AS tp_count FROM `b_teacher_list` LIMIT 1   [ RunTime:0.002000s ]
INFO: [ view_parse ] --START--
INFO: [ template_filter ] --START--
INFO: Run Behavior\ContentReplaceBehavior [ RunTime:0.000000s ]
INFO: [ template_filter ] --END-- [ RunTime:0.000000s ]
INFO: Run Behavior\ParseTemplateBehavior [ RunTime:0.018001s ]
INFO: [ view_parse ] --END-- [ RunTime:0.018001s ]
INFO: [ view_filter ] --START--
INFO: Run Behavior\WriteHtmlCacheBehavior [ RunTime:0.002000s ]
INFO: [ view_filter ] --END-- [ RunTime:0.002000s ]
INFO: [ app_end ] --START--
INFO: Run Behavior\ShowPageTraceBehavior [ RunTime:0.002000s ]
INFO: [ app_end ] --END-- [ RunTime:0.002000s ]

[ 2014-12-07T18:46:53+08:00 ] 127.0.0.1 /bbsGit/admin.php/Home/Teach/teacher_list
INFO: [ app_init ] --START--
INFO: Run Behavior\BuildLiteBehavior [ RunTime:0.000000s ]
INFO: [ app_init ] --END-- [ RunTime:0.001000s ]
INFO: [ app_begin ] --START--
INFO: Run Behavior\ReadHtmlCacheBehavior [ RunTime:0.003001s ]
INFO: [ app_begin ] --END-- [ RunTime:0.003001s ]
NOTIC: [8192] mysql_connect(): The mysql extension is deprecated and will be removed in the future: use mysqli or PDO instead E:\bbs\bbsGit\ThinkPHP\Library\Think\Db\Driver\Mysql.class.php Á¨¨ 52 Ë°å.
SQL: SHOW COLUMNS FROM `b_teacher_list` [ RunTime:0.004000s ]
NOTIC: [8] Undefined index: p E:\bbs\bbsGit\Admin\Home\Controller\TeachController.class.php Á¨¨ 36 Ë°å.
NOTIC: [8] Undefined index: limit E:\bbs\bbsGit\ThinkPHP\Library\Think\Db.class.php Á¨¨ 788 Ë°å.
SQL: SELECT * FROM `b_teacher_list` LIMIT 0,20   [ RunTime:0.001000s ]
SQL: SELECT COUNT(*) AS tp_count FROM `b_teacher_list` LIMIT 1   [ RunTime:0.002000s ]
INFO: [ view_parse ] --START--
INFO: [ template_filter ] --START--
INFO: Run Behavior\ContentReplaceBehavior [ RunTime:0.000000s ]
INFO: [ template_filter ] --END-- [ RunTime:0.000000s ]
INFO: Run Behavior\ParseTemplateBehavior [ RunTime:0.021001s ]
INFO: [ view_parse ] --END-- [ RunTime:0.021001s ]
INFO: [ view_filter ] --START--
INFO: Run Behavior\WriteHtmlCacheBehavior [ RunTime:0.002001s ]
INFO: [ view_filter ] --END-- [ RunTime:0.002001s ]
INFO: [ app_end ] --START--
INFO: Run Behavior\ShowPageTraceBehavior [ RunTime:0.001000s ]
INFO: [ app_end ] --END-- [ RunTime:0.001000s ]

[ 2014-12-07T18:47:27+08:00 ] 127.0.0.1 /bbsGit/admin.php/Home/Teach/add_teacher
INFO: [ app_init ] --START--
INFO: Run Behavior\BuildLiteBehavior [ RunTime:0.000000s ]
INFO: [ app_init ] --END-- [ RunTime:0.002000s ]
INFO: [ app_begin ] --START--
INFO: Run Behavior\ReadHtmlCacheBehavior [ RunTime:0.002000s ]
INFO: [ app_begin ] --END-- [ RunTime:0.003000s ]
NOTIC: [8192] mysql_connect(): The mysql extension is deprecated and will be removed in the future: use mysqli or PDO instead E:\bbs\bbsGit\ThinkPHP\Library\Think\Db\Driver\Mysql.class.php Á¨¨ 52 Ë°å.
SQL: SHOW COLUMNS FROM `teacher_fen` [ RunTime:0.006000s ]
SQL: SELECT * FROM `teacher_fen`  [ RunTime:0.001000s ]
INFO: [ view_parse ] --START--
INFO: [ template_filter ] --START--
INFO: Run Behavior\ContentReplaceBehavior [ RunTime:0.000000s ]
INFO: [ template_filter ] --END-- [ RunTime:0.000000s ]
INFO: Run Behavior\ParseTemplateBehavior [ RunTime:0.020001s ]
INFO: [ view_parse ] --END-- [ RunTime:0.020001s ]
INFO: [ view_filter ] --START--
INFO: Run Behavior\WriteHtmlCacheBehavior [ RunTime:0.004001s ]
INFO: [ view_filter ] --END-- [ RunTime:0.005001s ]
INFO: [ app_end ] --START--
INFO: Run Behavior\ShowPageTraceBehavior [ RunTime:0.001000s ]
INFO: [ app_end ] --END-- [ RunTime:0.001000s ]

[ 2014-12-07T18:47:29+08:00 ] 127.0.0.1 /bbsGit/admin.php/Home/Teach/teacher_list
INFO: [ app_init ] --START--
INFO: Run Behavior\BuildLiteBehavior [ RunTime:0.000000s ]
INFO: [ app_init ] --END-- [ RunTime:0.001000s ]
INFO: [ app_begin ] --START--
INFO: Run Behavior\ReadHtmlCacheBehavior [ RunTime:0.002000s ]
INFO: [ app_begin ] --END-- [ RunTime:0.002000s ]
NOTIC: [8192] mysql_connect(): The mysql extension is deprecated and will be removed in the future: use mysqli or PDO instead E:\bbs\bbsGit\ThinkPHP\Library\Think\Db\Driver\Mysql.class.php Á¨¨ 52 Ë°å.
SQL: SHOW COLUMNS FROM `b_teacher_list` [ RunTime:0.006000s ]
NOTIC: [8] Undefined index: p E:\bbs\bbsGit\Admin\Home\Controller\TeachController.class.php Á¨¨ 36 Ë°å.
NOTIC: [8] Undefined index: limit E:\bbs\bbsGit\ThinkPHP\Library\Think\Db.class.php Á¨¨ 788 Ë°å.
SQL: SELECT * FROM `b_teacher_list` LIMIT 0,20   [ RunTime:0.001000s ]
SQL: SELECT COUNT(*) AS tp_count FROM `b_teacher_list` LIMIT 1   [ RunTime:0.001000s ]
INFO: [ view_parse ] --START--
INFO: [ template_filter ] --START--
INFO: Run Behavior\ContentReplaceBehavior [ RunTime:0.000000s ]
INFO: [ template_filter ] --END-- [ RunTime:0.000000s ]
INFO: Run Behavior\ParseTemplateBehavior [ RunTime:0.020001s ]
INFO: [ view_parse ] --END-- [ RunTime:0.020001s ]
INFO: [ view_filter ] --START--
INFO: Run Behavior\WriteHtmlCacheBehavior [ RunTime:0.002001s ]
INFO: [ view_filter ] --END-- [ RunTime:0.002001s ]
INFO: [ app_end ] --START--
INFO: Run Behavior\ShowPageTraceBehavior [ RunTime:0.002000s ]
INFO: [ app_end ] --END-- [ RunTime:0.002000s ]

[ 2014-12-07T18:47:45+08:00 ] 127.0.0.1 /bbsGit/admin.php/Home/Teach/add_teacher
INFO: [ app_init ] --START--
INFO: Run Behavior\BuildLiteBehavior [ RunTime:0.000000s ]
INFO: [ app_init ] --END-- [ RunTime:0.002000s ]
INFO: [ app_begin ] --START--
INFO: Run Behavior\ReadHtmlCacheBehavior [ RunTime:0.009000s ]
INFO: [ app_begin ] --END-- [ RunTime:0.009000s ]
NOTIC: [8192] mysql_connect(): The mysql extension is deprecated and will be removed in the future: use mysqli or PDO instead E:\bbs\bbsGit\ThinkPHP\Library\Think\Db\Driver\Mysql.class.php Á¨¨ 52 Ë°å.
SQL: SHOW COLUMNS FROM `teacher_fen` [ RunTime:0.005000s ]
SQL: SELECT * FROM `teacher_fen`  [ RunTime:0.002001s ]
INFO: [ view_parse ] --START--
INFO: [ template_filter ] --START--
INFO: Run Behavior\ContentReplaceBehavior [ RunTime:0.000000s ]
INFO: [ template_filter ] --END-- [ RunTime:0.000000s ]
INFO: Run Behavior\ParseTemplateBehavior [ RunTime:0.019001s ]
INFO: [ view_parse ] --END-- [ RunTime:0.019001s ]
INFO: [ view_filter ] --START--
INFO: Run Behavior\WriteHtmlCacheBehavior [ RunTime:0.003000s ]
INFO: [ view_filter ] --END-- [ RunTime:0.003000s ]
INFO: [ app_end ] --START--
INFO: Run Behavior\ShowPageTraceBehavior [ RunTime:0.003000s ]
INFO: [ app_end ] --END-- [ RunTime:0.003000s ]

[ 2014-12-07T18:48:06+08:00 ] 127.0.0.1 /bbsGit/admin.php/Home/Teach/insert
INFO: [ app_init ] --START--
INFO: Run Behavior\BuildLiteBehavior [ RunTime:0.000000s ]
INFO: [ app_init ] --END-- [ RunTime:0.001000s ]
INFO: [ app_begin ] --START--
INFO: Run Behavior\ReadHtmlCacheBehavior [ RunTime:0.002000s ]
INFO: [ app_begin ] --END-- [ RunTime:0.003000s ]
NOTIC: [8192] mysql_connect(): The mysql extension is deprecated and will be removed in the future: use mysqli or PDO instead E:\bbs\bbsGit\ThinkPHP\Library\Think\Db\Driver\Mysql.class.php Á¨¨ 52 Ë°å.
SQL: SHOW COLUMNS FROM `b_teacher_list` [ RunTime:0.008000s ]
NOTIC: [2] call_user_func() expects parameter 1 to be a valid callback, no array or string given E:\bbs\bbsGit\ThinkPHP\Library\Think\Upload.class.php Á¨¨ 170 Ë°å.
SQL: INSERT INTO `b_teacher_list` (`t_name`,`nav_id`,`f_id`,`t_intro`,`t_job`,`t_photo`) VALUES ('Â≠ôÈùô',3,1,'Â§ßÂπÖÂ§ßÂπÖÁöÑ‰∫åÊàøÁöÑÊñπÂºè','È´òÁ∫ßËÆ≤Â∏àÔºåÂüπËÆ≠Â∏à','./uploads/2014-12-07/54843066941ec.jpg') [ RunTime:0.002001s ]
INFO: [ app_end ] --START--
INFO: Run Behavior\ShowPageTraceBehavior [ RunTime:0.003000s ]
INFO: [ app_end ] --END-- [ RunTime:0.003000s ]

[ 2014-12-07T18:48:06+08:00 ] 127.0.0.1 /bbsGit/admin.php/Home/Teach/teacher_list.html
INFO: [ app_init ] --START--
INFO: Run Behavior\BuildLiteBehavior [ RunTime:0.000000s ]
INFO: [ app_init ] --END-- [ RunTime:0.002000s ]
INFO: [ app_begin ] --START--
INFO: Run Behavior\ReadHtmlCacheBehavior [ RunTime:0.003001s ]
INFO: [ app_begin ] --END-- [ RunTime:0.003001s ]
NOTIC: [8192] mysql_connect(): The mysql extension is deprecated and will be removed in the future: use mysqli or PDO instead E:\bbs\bbsGit\ThinkPHP\Library\Think\Db\Driver\Mysql.class.php Á¨¨ 52 Ë°å.
SQL: SHOW COLUMNS FROM `b_teacher_list` [ RunTime:0.046003s ]
NOTIC: [8] Undefined index: p E:\bbs\bbsGit\Admin\Home\Controller\TeachController.class.php Á¨¨ 36 Ë°å.
NOTIC: [8] Undefined index: limit E:\bbs\bbsGit\ThinkPHP\Library\Think\Db.class.php Á¨¨ 788 Ë°å.
SQL: SELECT * FROM `b_teacher_list` LIMIT 0,20   [ RunTime:0.009000s ]
SQL: SELECT COUNT(*) AS tp_count FROM `b_teacher_list` LIMIT 1   [ RunTime:0.001000s ]
INFO: [ view_parse ] --START--
INFO: [ template_filter ] --START--
INFO: Run Behavior\ContentReplaceBehavior [ RunTime:0.000000s ]
INFO: [ template_filter ] --END-- [ RunTime:0.000000s ]
INFO: Run Behavior\ParseTemplateBehavior [ RunTime:0.025001s ]
INFO: [ view_parse ] --END-- [ RunTime:0.025001s ]
INFO: [ view_filter ] --START--
INFO: Run Behavior\WriteHtmlCacheBehavior [ RunTime:0.008001s ]
INFO: [ view_filter ] --END-- [ RunTime:0.008001s ]
INFO: [ app_end ] --START--
INFO: Run Behavior\ShowPageTraceBehavior [ RunTime:0.015001s ]
INFO: [ app_end ] --END-- [ RunTime:0.015001s ]

[ 2014-12-07T18:48:16+08:00 ] 127.0.0.1 /bbsGit/admin.php/Home/Teach/teacher_list/p/2.html
INFO: [ app_init ] --START--
INFO: Run Behavior\BuildLiteBehavior [ RunTime:0.000000s ]
INFO: [ app_init ] --END-- [ RunTime:0.001000s ]
INFO: [ app_begin ] --START--
INFO: Run Behavior\ReadHtmlCacheBehavior [ RunTime:0.002001s ]
INFO: [ app_begin ] --END-- [ RunTime:0.003001s ]
NOTIC: [8192] mysql_connect(): The mysql extension is deprecated and will be removed in the future: use mysqli or PDO instead E:\bbs\bbsGit\ThinkPHP\Library\Think\Db\Driver\Mysql.class.php Á¨¨ 52 Ë°å.
SQL: SHOW COLUMNS FROM `b_teacher_list` [ RunTime:0.006001s ]
SQL: SELECT * FROM `b_teacher_list` LIMIT 3,3   [ RunTime:0.001000s ]
SQL: SELECT COUNT(*) AS tp_count FROM `b_teacher_list` LIMIT 1   [ RunTime:0.001000s ]
INFO: [ view_parse ] --START--
INFO: [ template_filter ] --START--
INFO: Run Behavior\ContentReplaceBehavior [ RunTime:0.000000s ]
INFO: [ template_filter ] --END-- [ RunTime:0.000000s ]
INFO: Run Behavior\ParseTemplateBehavior [ RunTime:0.018001s ]
INFO: [ view_parse ] --END-- [ RunTime:0.018001s ]
INFO: [ view_filter ] --START--
INFO: Run Behavior\WriteHtmlCacheBehavior [ RunTime:0.003000s ]
INFO: [ view_filter ] --END-- [ RunTime:0.003000s ]
INFO: [ app_end ] --START--
INFO: Run Behavior\ShowPageTraceBehavior [ RunTime:0.002000s ]
INFO: [ app_end ] --END-- [ RunTime:0.002000s ]

[ 2014-12-07T18:48:17+08:00 ] 127.0.0.1 /bbsGit/admin.php/Home/Teach/teacher_list/p/1.html
INFO: [ app_init ] --START--
INFO: Run Behavior\BuildLiteBehavior [ RunTime:0.000000s ]
INFO: [ app_init ] --END-- [ RunTime:0.001000s ]
INFO: [ app_begin ] --START--
INFO: Run Behavior\ReadHtmlCacheBehavior [ RunTime:0.001000s ]
INFO: [ app_begin ] --END-- [ RunTime:0.002000s ]
NOTIC: [8192] mysql_connect(): The mysql extension is deprecated and will be removed in the future: use mysqli or PDO instead E:\bbs\bbsGit\ThinkPHP\Library\Think\Db\Driver\Mysql.class.php Á¨¨ 52 Ë°å.
SQL: SHOW COLUMNS FROM `b_teacher_list` [ RunTime:0.005000s ]
SQL: SELECT * FROM `b_teacher_list` LIMIT 0,3   [ RunTime:0.001000s ]
SQL: SELECT COUNT(*) AS tp_count FROM `b_teacher_list` LIMIT 1   [ RunTime:0.001000s ]
INFO: [ view_parse ] --START--
INFO: [ template_filter ] --START--
INFO: Run Behavior\ContentReplaceBehavior [ RunTime:0.000000s ]
INFO: [ template_filter ] --END-- [ RunTime:0.000000s ]
INFO: Run Behavior\ParseTemplateBehavior [ RunTime:0.019001s ]
INFO: [ view_parse ] --END-- [ RunTime:0.020001s ]
INFO: [ view_filter ] --START--
INFO: Run Behavior\WriteHtmlCacheBehavior [ RunTime:0.002001s ]
INFO: [ view_filter ] --END-- [ RunTime:0.002001s ]
INFO: [ app_end ] --START--
INFO: Run Behavior\ShowPageTraceBehavior [ RunTime:0.001000s ]
INFO: [ app_end ] --END-- [ RunTime:0.001000s ]

[ 2014-12-07T18:50:28+08:00 ] 127.0.0.1 /bbsGit/admin.php/Home/Teach/teacher_list
INFO: [ app_init ] --START--
INFO: Run Behavior\BuildLiteBehavior [ RunTime:0.000000s ]
INFO: [ app_init ] --END-- [ RunTime:0.001000s ]
INFO: [ app_begin ] --START--
INFO: Run Behavior\ReadHtmlCacheBehavior [ RunTime:0.003000s ]
INFO: [ app_begin ] --END-- [ RunTime:0.003000s ]
NOTIC: [8192] mysql_connect(): The mysql extension is deprecated and will be removed in the future: use mysqli or PDO instead E:\bbs\bbsGit\ThinkPHP\Library\Think\Db\Driver\Mysql.class.php Á¨¨ 52 Ë°å.
SQL: SHOW COLUMNS FROM `b_teacher_list` [ RunTime:0.009000s ]
NOTIC: [8] Undefined index: p E:\bbs\bbsGit\Admin\Home\Controller\TeachController.class.php Á¨¨ 35 Ë°å.
NOTIC: [8] Undefined index: limit E:\bbs\bbsGit\ThinkPHP\Library\Think\Db.class.php Á¨¨ 788 Ë°å.
SQL: SELECT * FROM `b_teacher_list` LIMIT 0,20   [ RunTime:0.002001s ]
SQL: SELECT COUNT(*) AS tp_count FROM `b_teacher_list` LIMIT 1   [ RunTime:0.001000s ]
INFO: [ view_parse ] --START--
INFO: [ template_filter ] --START--
INFO: Run Behavior\ContentReplaceBehavior [ RunTime:0.000000s ]
INFO: [ template_filter ] --END-- [ RunTime:0.000000s ]
INFO: Run Behavior\ParseTemplateBehavior [ RunTime:0.018001s ]
INFO: [ view_parse ] --END-- [ RunTime:0.018001s ]
INFO: [ view_filter ] --START--
INFO: Run Behavior\WriteHtmlCacheBehavior [ RunTime:0.002000s ]
INFO: [ view_filter ] --END-- [ RunTime:0.002000s ]
INFO: [ app_end ] --START--
INFO: Run Behavior\ShowPageTraceBehavior [ RunTime:0.002000s ]
INFO: [ app_end ] --END-- [ RunTime:0.002000s ]

[ 2014-12-07T18:50:31+08:00 ] 127.0.0.1 /bbsGit/admin.php/Home/Teach/teacher_list/p/2.html
INFO: [ app_init ] --START--
INFO: Run Behavior\BuildLiteBehavior [ RunTime:0.000000s ]
INFO: [ app_init ] --END-- [ RunTime:0.002000s ]
INFO: [ app_begin ] --START--
INFO: Run Behavior\ReadHtmlCacheBehavior [ RunTime:0.002000s ]
INFO: [ app_begin ] --END-- [ RunTime:0.002000s ]
NOTIC: [8192] mysql_connect(): The mysql extension is deprecated and will be removed in the future: use mysqli or PDO instead E:\bbs\bbsGit\ThinkPHP\Library\Think\Db\Driver\Mysql.class.php Á¨¨ 52 Ë°å.
SQL: SHOW COLUMNS FROM `b_teacher_list` [ RunTime:0.008001s ]
SQL: SELECT * FROM `b_teacher_list` LIMIT 3,3   [ RunTime:0.001000s ]
SQL: SELECT COUNT(*) AS tp_count FROM `b_teacher_list` LIMIT 1   [ RunTime:0.002000s ]
INFO: [ view_parse ] --START--
INFO: [ template_filter ] --START--
INFO: Run Behavior\ContentReplaceBehavior [ RunTime:0.000000s ]
INFO: [ template_filter ] --END-- [ RunTime:0.000000s ]
INFO: Run Behavior\ParseTemplateBehavior [ RunTime:0.020001s ]
INFO: [ view_parse ] --END-- [ RunTime:0.020001s ]
INFO: [ view_filter ] --START--
INFO: Run Behavior\WriteHtmlCacheBehavior [ RunTime:0.002000s ]
INFO: [ view_filter ] --END-- [ RunTime:0.002000s ]
INFO: [ app_end ] --START--
INFO: Run Behavior\ShowPageTraceBehavior [ RunTime:0.001000s ]
INFO: [ app_end ] --END-- [ RunTime:0.001000s ]

[ 2014-12-07T18:50:32+08:00 ] 127.0.0.1 /bbsGit/admin.php/Home/Teach/teacher_list/p/1.html
INFO: [ app_init ] --START--
INFO: Run Behavior\BuildLiteBehavior [ RunTime:0.000000s ]
INFO: [ app_init ] --END-- [ RunTime:0.001000s ]
INFO: [ app_begin ] --START--
INFO: Run Behavior\ReadHtmlCacheBehavior [ RunTime:0.001000s ]
INFO: [ app_begin ] --END-- [ RunTime:0.001000s ]
NOTIC: [8192] mysql_connect(): The mysql extension is deprecated and will be removed in the future: use mysqli or PDO instead E:\bbs\bbsGit\ThinkPHP\Library\Think\Db\Driver\Mysql.class.php Á¨¨ 52 Ë°å.
SQL: SHOW COLUMNS FROM `b_teacher_list` [ RunTime:0.005001s ]
SQL: SELECT * FROM `b_teacher_list` LIMIT 0,3   [ RunTime:0.001000s ]
SQL: SELECT COUNT(*) AS tp_count FROM `b_teacher_list` LIMIT 1   [ RunTime:0.001000s ]
INFO: [ view_parse ] --START--
INFO: [ template_filter ] --START--
INFO: Run Behavior\ContentReplaceBehavior [ RunTime:0.000000s ]
INFO: [ template_filter ] --END-- [ RunTime:0.000000s ]
INFO: Run Behavior\ParseTemplateBehavior [ RunTime:0.022001s ]
INFO: [ view_parse ] --END-- [ RunTime:0.023001s ]
INFO: [ view_filter ] --START--
INFO: Run Behavior\WriteHtmlCacheBehavior [ RunTime:0.002000s ]
INFO: [ view_filter ] --END-- [ RunTime:0.002000s ]
INFO: [ app_end ] --START--
INFO: Run Behavior\ShowPageTraceBehavior [ RunTime:0.001000s ]
INFO: [ app_end ] --END-- [ RunTime:0.001000s ]

[ 2014-12-07T18:50:35+08:00 ] 127.0.0.1 /bbsGit/admin.php/Home/Teach/teacher_list/p/2.html
INFO: [ app_init ] --START--
INFO: Run Behavior\BuildLiteBehavior [ RunTime:0.000000s ]
INFO: [ app_init ] --END-- [ RunTime:0.003000s ]
INFO: [ app_begin ] --START--
INFO: Run Behavior\ReadHtmlCacheBehavior [ RunTime:0.002000s ]
INFO: [ app_begin ] --END-- [ RunTime:0.003000s ]
NOTIC: [8192] mysql_connect(): The mysql extension is deprecated and will be removed in the future: use mysqli or PDO instead E:\bbs\bbsGit\ThinkPHP\Library\Think\Db\Driver\Mysql.class.php Á¨¨ 52 Ë°å.
SQL: SHOW COLUMNS FROM `b_teacher_list` [ RunTime:0.010000s ]
SQL: SELECT * FROM `b_teacher_list` LIMIT 3,3   [ RunTime:0.001000s ]
SQL: SELECT COUNT(*) AS tp_count FROM `b_teacher_list` LIMIT 1   [ RunTime:0.001000s ]
INFO: [ view_parse ] --START--
INFO: [ template_filter ] --START--
INFO: Run Behavior\ContentReplaceBehavior [ RunTime:0.000000s ]
INFO: [ template_filter ] --END-- [ RunTime:0.000000s ]
INFO: Run Behavior\ParseTemplateBehavior [ RunTime:0.020002s ]
INFO: [ view_parse ] --END-- [ RunTime:0.020002s ]
INFO: [ view_filter ] --START--
INFO: Run Behavior\WriteHtmlCacheBehavior [ RunTime:0.003000s ]
INFO: [ view_filter ] --END-- [ RunTime:0.003000s ]
INFO: [ app_end ] --START--
INFO: Run Behavior\ShowPageTraceBehavior [ RunTime:0.001000s ]
INFO: [ app_end ] --END-- [ RunTime:0.001000s ]

[ 2014-12-07T18:50:36+08:00 ] 127.0.0.1 /bbsGit/admin.php/Home/Teach/teacher_list/p/1.html
INFO: [ app_init ] --START--
INFO: Run Behavior\BuildLiteBehavior [ RunTime:0.000000s ]
INFO: [ app_init ] --END-- [ RunTime:0.001000s ]
INFO: [ app_begin ] --START--
INFO: Run Behavior\ReadHtmlCacheBehavior [ RunTime:0.002000s ]
INFO: [ app_begin ] --END-- [ RunTime:0.002000s ]
NOTIC: [8192] mysql_connect(): The mysql extension is deprecated and will be removed in the future: use mysqli or PDO instead E:\bbs\bbsGit\ThinkPHP\Library\Think\Db\Driver\Mysql.class.php Á¨¨ 52 Ë°å.
SQL: SHOW COLUMNS FROM `b_teacher_list` [ RunTime:0.021001s ]
SQL: SELECT * FROM `b_teacher_list` LIMIT 0,3   [ RunTime:0.001000s ]
SQL: SELECT COUNT(*) AS tp_count FROM `b_teacher_list` LIMIT 1   [ RunTime:0.001000s ]
INFO: [ view_parse ] --START--
INFO: [ template_filter ] --START--
INFO: Run Behavior\ContentReplaceBehavior [ RunTime:0.000000s ]
INFO: [ template_filter ] --END-- [ RunTime:0.000000s ]
INFO: Run Behavior\ParseTemplateBehavior [ RunTime:0.022002s ]
INFO: [ view_parse ] --END-- [ RunTime:0.022002s ]
INFO: [ view_filter ] --START--
INFO: Run Behavior\WriteHtmlCacheBehavior [ RunTime:0.002000s ]
INFO: [ view_filter ] --END-- [ RunTime:0.002000s ]
INFO: [ app_end ] --START--
INFO: Run Behavior\ShowPageTraceBehavior [ RunTime:0.002000s ]
INFO: [ app_end ] --END-- [ RunTime:0.002000s ]

[ 2014-12-07T18:50:39+08:00 ] 127.0.0.1 /bbsGit/admin.php/Home/Teach/teacher_list/p/2.html
INFO: [ app_init ] --START--
INFO: Run Behavior\BuildLiteBehavior [ RunTime:0.000000s ]
INFO: [ app_init ] --END-- [ RunTime:0.001000s ]
INFO: [ app_begin ] --START--
INFO: Run Behavior\ReadHtmlCacheBehavior [ RunTime:0.003000s ]
INFO: [ app_begin ] --END-- [ RunTime:0.003000s ]
NOTIC: [8192] mysql_connect(): The mysql extension is deprecated and will be removed in the future: use mysqli or PDO instead E:\bbs\bbsGit\ThinkPHP\Library\Think\Db\Driver\Mysql.class.php Á¨¨ 52 Ë°å.
SQL: SHOW COLUMNS FROM `b_teacher_list` [ RunTime:0.007001s ]
SQL: SELECT * FROM `b_teacher_list` LIMIT 3,3   [ RunTime:0.001000s ]
SQL: SELECT COUNT(*) AS tp_count FROM `b_teacher_list` LIMIT 1   [ RunTime:0.003000s ]
INFO: [ view_parse ] --START--
INFO: [ template_filter ] --START--
INFO: Run Behavior\ContentReplaceBehavior [ RunTime:0.000000s ]
INFO: [ template_filter ] --END-- [ RunTime:0.000000s ]
INFO: Run Behavior\ParseTemplateBehavior [ RunTime:0.018001s ]
INFO: [ view_parse ] --END-- [ RunTime:0.018001s ]
INFO: [ view_filter ] --START--
INFO: Run Behavior\WriteHtmlCacheBehavior [ RunTime:0.002000s ]
INFO: [ view_filter ] --END-- [ RunTime:0.002000s ]
INFO: [ app_end ] --START--
INFO: Run Behavior\ShowPageTraceBehavior [ RunTime:0.001000s ]
INFO: [ app_end ] --END-- [ RunTime:0.001000s ]

[ 2014-12-07T18:50:41+08:00 ] 127.0.0.1 /bbsGit/admin.php/Home/Teach/teacher_list/p/1.html
INFO: [ app_init ] --START--
INFO: Run Behavior\BuildLiteBehavior [ RunTime:0.000000s ]
INFO: [ app_init ] --END-- [ RunTime:0.001000s ]
INFO: [ app_begin ] --START--
INFO: Run Behavior\ReadHtmlCacheBehavior [ RunTime:0.003001s ]
INFO: [ app_begin ] --END-- [ RunTime:0.003001s ]
NOTIC: [8192] mysql_connect(): The mysql extension is deprecated and will be removed in the future: use mysqli or PDO instead E:\bbs\bbsGit\ThinkPHP\Library\Think\Db\Driver\Mysql.class.php Á¨¨ 52 Ë°å.
SQL: SHOW COLUMNS FROM `b_teacher_list` [ RunTime:0.006001s ]
SQL: SELECT * FROM `b_teacher_list` LIMIT 0,3   [ RunTime:0.002000s ]
SQL: SELECT COUNT(*) AS tp_count FROM `b_teacher_list` LIMIT 1   [ RunTime:0.001000s ]
INFO: [ view_parse ] --START--
INFO: [ template_filter ] --START--
INFO: Run Behavior\ContentReplaceBehavior [ RunTime:0.000000s ]
INFO: [ template_filter ] --END-- [ RunTime:0.000000s ]
INFO: Run Behavior\ParseTemplateBehavior [ RunTime:0.017001s ]
INFO: [ view_parse ] --END-- [ RunTime:0.017001s ]
INFO: [ view_filter ] --START--
INFO: Run Behavior\WriteHtmlCacheBehavior [ RunTime:0.002000s ]
INFO: [ view_filter ] --END-- [ RunTime:0.002000s ]
INFO: [ app_end ] --START--
INFO: Run Behavior\ShowPageTraceBehavior [ RunTime:0.001000s ]
INFO: [ app_end ] --END-- [ RunTime:0.001000s ]

[ 2014-12-07T18:52:56+08:00 ] 127.0.0.1 /bbsGit/admin.php/Home/Teach/teacher_list
INFO: [ app_init ] --START--
INFO: Run Behavior\BuildLiteBehavior [ RunTime:0.000000s ]
INFO: [ app_init ] --END-- [ RunTime:0.002001s ]
INFO: [ app_begin ] --START--
INFO: Run Behavior\ReadHtmlCacheBehavior [ RunTime:0.002000s ]
INFO: [ app_begin ] --END-- [ RunTime:0.003000s ]
NOTIC: [8192] mysql_connect(): The mysql extension is deprecated and will be removed in the future: use mysqli or PDO instead E:\bbs\bbsGit\ThinkPHP\Library\Think\Db\Driver\Mysql.class.php Á¨¨ 52 Ë°å.
SQL: SHOW COLUMNS FROM `b_teacher_list` [ RunTime:0.006000s ]
NOTIC: [8] Undefined index: p E:\bbs\bbsGit\Admin\Home\Controller\TeachController.class.php Á¨¨ 35 Ë°å.
NOTIC: [8] Undefined index: limit E:\bbs\bbsGit\ThinkPHP\Library\Think\Db.class.php Á¨¨ 788 Ë°å.
SQL: SELECT * FROM `b_teacher_list` LIMIT 0,20   [ RunTime:0.004000s ]
SQL: SELECT COUNT(*) AS tp_count FROM `b_teacher_list` LIMIT 1   [ RunTime:0.000000s ]
INFO: [ view_parse ] --START--
INFO: [ template_filter ] --START--
INFO: Run Behavior\ContentReplaceBehavior [ RunTime:0.000000s ]
INFO: [ template_filter ] --END-- [ RunTime:0.000000s ]
INFO: Run Behavior\ParseTemplateBehavior [ RunTime:0.025002s ]
INFO: [ view_parse ] --END-- [ RunTime:0.025002s ]
INFO: [ view_filter ] --START--
INFO: Run Behavior\WriteHtmlCacheBehavior [ RunTime:0.001000s ]
INFO: [ view_filter ] --END-- [ RunTime:0.001000s ]
INFO: [ app_end ] --START--
INFO: Run Behavior\ShowPageTraceBehavior [ RunTime:0.002000s ]
INFO: [ app_end ] --END-- [ RunTime:0.002000s ]

[ 2014-12-07T18:53:01+08:00 ] 127.0.0.1 /bbsGit/admin.php/Home/Teach/teacher_list/p/2.html
INFO: [ app_init ] --START--
INFO: Run Behavior\BuildLiteBehavior [ RunTime:0.000000s ]
INFO: [ app_init ] --END-- [ RunTime:0.002000s ]
INFO: [ app_begin ] --START--
INFO: Run Behavior\ReadHtmlCacheBehavior [ RunTime:0.003000s ]
INFO: [ app_begin ] --END-- [ RunTime:0.003000s ]
NOTIC: [8192] mysql_connect(): The mysql extension is deprecated and will be removed in the future: use mysqli or PDO instead E:\bbs\bbsGit\ThinkPHP\Library\Think\Db\Driver\Mysql.class.php Á¨¨ 52 Ë°å.
SQL: SHOW COLUMNS FROM `b_teacher_list` [ RunTime:0.005000s ]
SQL: SELECT * FROM `b_teacher_list` LIMIT 3,3   [ RunTime:0.001000s ]
SQL: SELECT COUNT(*) AS tp_count FROM `b_teacher_list` LIMIT 1   [ RunTime:0.001000s ]
INFO: [ view_parse ] --START--
INFO: [ template_filter ] --START--
INFO: Run Behavior\ContentReplaceBehavior [ RunTime:0.000000s ]
INFO: [ template_filter ] --END-- [ RunTime:0.001000s ]
INFO: Run Behavior\ParseTemplateBehavior [ RunTime:0.018001s ]
INFO: [ view_parse ] --END-- [ RunTime:0.018001s ]
INFO: [ view_filter ] --START--
INFO: Run Behavior\WriteHtmlCacheBehavior [ RunTime:0.001000s ]
INFO: [ view_filter ] --END-- [ RunTime:0.002000s ]
INFO: [ app_end ] --START--
INFO: Run Behavior\ShowPageTraceBehavior [ RunTime:0.001000s ]
INFO: [ app_end ] --END-- [ RunTime:0.001000s ]

[ 2014-12-07T18:53:03+08:00 ] 127.0.0.1 /bbsGit/admin.php/Home/Teach/teacher_list/p/1.html
INFO: [ app_init ] --START--
INFO: Run Behavior\BuildLiteBehavior [ RunTime:0.000000s ]
INFO: [ app_init ] --END-- [ RunTime:0.007001s ]
INFO: [ app_begin ] --START--
INFO: Run Behavior\ReadHtmlCacheBehavior [ RunTime:0.001000s ]
INFO: [ app_begin ] --END-- [ RunTime:0.001000s ]
NOTIC: [8192] mysql_connect(): The mysql extension is deprecated and will be removed in the future: use mysqli or PDO instead E:\bbs\bbsGit\ThinkPHP\Library\Think\Db\Driver\Mysql.class.php Á¨¨ 52 Ë°å.
SQL: SHOW COLUMNS FROM `b_teacher_list` [ RunTime:0.017001s ]
SQL: SELECT * FROM `b_teacher_list` LIMIT 0,3   [ RunTime:0.001000s ]
SQL: SELECT COUNT(*) AS tp_count FROM `b_teacher_list` LIMIT 1   [ RunTime:0.001000s ]
INFO: [ view_parse ] --START--
INFO: [ template_filter ] --START--
INFO: Run Behavior\ContentReplaceBehavior [ RunTime:0.000000s ]
INFO: [ template_filter ] --END-- [ RunTime:0.000000s ]
INFO: Run Behavior\ParseTemplateBehavior [ RunTime:0.020001s ]
INFO: [ view_parse ] --END-- [ RunTime:0.020001s ]
INFO: [ view_filter ] --START--
INFO: Run Behavior\WriteHtmlCacheBehavior [ RunTime:0.002001s ]
INFO: [ view_filter ] --END-- [ RunTime:0.002001s ]
INFO: [ app_end ] --START--
INFO: Run Behavior\ShowPageTraceBehavior [ RunTime:0.001000s ]
INFO: [ app_end ] --END-- [ RunTime:0.001000s ]

[ 2014-12-07T18:53:53+08:00 ] 127.0.0.1 /bbsGit/admin.php/Home/Teach/teacher_list
INFO: [ app_init ] --START--
INFO: Run Behavior\BuildLiteBehavior [ RunTime:0.000000s ]
INFO: [ app_init ] --END-- [ RunTime:0.002000s ]
INFO: [ app_begin ] --START--
INFO: Run Behavior\ReadHtmlCacheBehavior [ RunTime:0.002000s ]
INFO: [ app_begin ] --END-- [ RunTime:0.002000s ]
NOTIC: [8192] mysql_connect(): The mysql extension is deprecated and will be removed in the future: use mysqli or PDO instead E:\bbs\bbsGit\ThinkPHP\Library\Think\Db\Driver\Mysql.class.php Á¨¨ 52 Ë°å.
SQL: SHOW COLUMNS FROM `b_teacher_list` [ RunTime:0.008001s ]
NOTIC: [8] Undefined index: p E:\bbs\bbsGit\Admin\Home\Controller\TeachController.class.php Á¨¨ 35 Ë°å.
SQL: SELECT * FROM `b_teacher_list` LIMIT 0,3   [ RunTime:0.002000s ]
SQL: SELECT COUNT(*) AS tp_count FROM `b_teacher_list` LIMIT 1   [ RunTime:0.001000s ]
INFO: [ view_parse ] --START--
INFO: [ template_filter ] --START--
INFO: Run Behavior\ContentReplaceBehavior [ RunTime:0.000000s ]
INFO: [ template_filter ] --END-- [ RunTime:0.000000s ]
INFO: Run Behavior\ParseTemplateBehavior [ RunTime:0.017001s ]
INFO: [ view_parse ] --END-- [ RunTime:0.017001s ]
INFO: [ view_filter ] --START--
INFO: Run Behavior\WriteHtmlCacheBehavior [ RunTime:0.003000s ]
INFO: [ view_filter ] --END-- [ RunTime:0.003000s ]
INFO: [ app_end ] --START--
INFO: Run Behavior\ShowPageTraceBehavior [ RunTime:0.001000s ]
INFO: [ app_end ] --END-- [ RunTime:0.001000s ]

[ 2014-12-07T18:53:56+08:00 ] 127.0.0.1 /bbsGit/admin.php/Home/Teach/teacher_list/p/2.html
INFO: [ app_init ] --START--
INFO: Run Behavior\BuildLiteBehavior [ RunTime:0.000000s ]
INFO: [ app_init ] --END-- [ RunTime:0.002000s ]
INFO: [ app_begin ] --START--
INFO: Run Behavior\ReadHtmlCacheBehavior [ RunTime:0.002000s ]
INFO: [ app_begin ] --END-- [ RunTime:0.002000s ]
NOTIC: [8192] mysql_connect(): The mysql extension is deprecated and will be removed in the future: use mysqli or PDO instead E:\bbs\bbsGit\ThinkPHP\Library\Think\Db\Driver\Mysql.class.php Á¨¨ 52 Ë°å.
SQL: SHOW COLUMNS FROM `b_teacher_list` [ RunTime:0.005000s ]
SQL: SELECT * FROM `b_teacher_list` LIMIT 3,3   [ RunTime:0.001000s ]
SQL: SELECT COUNT(*) AS tp_count FROM `b_teacher_list` LIMIT 1   [ RunTime:0.001000s ]
INFO: [ view_parse ] --START--
INFO: [ template_filter ] --START--
INFO: Run Behavior\ContentReplaceBehavior [ RunTime:0.000000s ]
INFO: [ template_filter ] --END-- [ RunTime:0.000000s ]
INFO: Run Behavior\ParseTemplateBehavior [ RunTime:0.019001s ]
INFO: [ view_parse ] --END-- [ RunTime:0.019001s ]
INFO: [ view_filter ] --START--
INFO: Run Behavior\WriteHtmlCacheBehavior [ RunTime:0.002000s ]
INFO: [ view_filter ] --END-- [ RunTime:0.002000s ]
INFO: [ app_end ] --START--
INFO: Run Behavior\ShowPageTraceBehavior [ RunTime:0.001001s ]
INFO: [ app_end ] --END-- [ RunTime:0.001001s ]

[ 2014-12-07T18:53:57+08:00 ] 127.0.0.1 /bbsGit/admin.php/Home/Teach/teacher_list/p/1.html
INFO: [ app_init ] --START--
INFO: Run Behavior\BuildLiteBehavior [ RunTime:0.000000s ]
INFO: [ app_init ] --END-- [ RunTime:0.002000s ]
INFO: [ app_begin ] --START--
INFO: Run Behavior\ReadHtmlCacheBehavior [ RunTime:0.002000s ]
INFO: [ app_begin ] --END-- [ RunTime:0.002000s ]
NOTIC: [8192] mysql_connect(): The mysql extension is deprecated and will be removed in the future: use mysqli or PDO instead E:\bbs\bbsGit\ThinkPHP\Library\Think\Db\Driver\Mysql.class.php Á¨¨ 52 Ë°å.
SQL: SHOW COLUMNS FROM `b_teacher_list` [ RunTime:0.007001s ]
SQL: SELECT * FROM `b_teacher_list` LIMIT 0,3   [ RunTime:0.001000s ]
SQL: SELECT COUNT(*) AS tp_count FROM `b_teacher_list` LIMIT 1   [ RunTime:0.002000s ]
INFO: [ view_parse ] --START--
INFO: [ template_filter ] --START--
INFO: Run Behavior\ContentReplaceBehavior [ RunTime:0.000000s ]
INFO: [ template_filter ] --END-- [ RunTime:0.000000s ]
INFO: Run Behavior\ParseTemplateBehavior [ RunTime:0.019001s ]
INFO: [ view_parse ] --END-- [ RunTime:0.019001s ]
INFO: [ view_filter ] --START--
INFO: Run Behavior\WriteHtmlCacheBehavior [ RunTime:0.002000s ]
INFO: [ view_filter ] --END-- [ RunTime:0.003001s ]
INFO: [ app_end ] --START--
INFO: Run Behavior\ShowPageTraceBehavior [ RunTime:0.001000s ]
INFO: [ app_end ] --END-- [ RunTime:0.001000s ]

[ 2014-12-07T18:54:03+08:00 ] 127.0.0.1 /bbsGit/admin.php/Home/Teach/teacher_list
INFO: [ app_init ] --START--
INFO: Run Behavior\BuildLiteBehavior [ RunTime:0.000000s ]
INFO: [ app_init ] --END-- [ RunTime:0.001001s ]
INFO: [ app_begin ] --START--
INFO: Run Behavior\ReadHtmlCacheBehavior [ RunTime:0.003000s ]
INFO: [ app_begin ] --END-- [ RunTime:0.003000s ]
NOTIC: [8192] mysql_connect(): The mysql extension is deprecated and will be removed in the future: use mysqli or PDO instead E:\bbs\bbsGit\ThinkPHP\Library\Think\Db\Driver\Mysql.class.php Á¨¨ 52 Ë°å.
SQL: SHOW COLUMNS FROM `b_teacher_list` [ RunTime:0.004000s ]
NOTIC: [8] Undefined index: p E:\bbs\bbsGit\Admin\Home\Controller\TeachController.class.php Á¨¨ 35 Ë°å.
SQL: SELECT * FROM `b_teacher_list` LIMIT 0,3   [ RunTime:0.000000s ]
SQL: SELECT COUNT(*) AS tp_count FROM `b_teacher_list` LIMIT 1   [ RunTime:0.001000s ]
INFO: [ view_parse ] --START--
INFO: [ template_filter ] --START--
INFO: Run Behavior\ContentReplaceBehavior [ RunTime:0.000000s ]
INFO: [ template_filter ] --END-- [ RunTime:0.001000s ]
INFO: Run Behavior\ParseTemplateBehavior [ RunTime:0.020002s ]
INFO: [ view_parse ] --END-- [ RunTime:0.020002s ]
INFO: [ view_filter ] --START--
INFO: Run Behavior\WriteHtmlCacheBehavior [ RunTime:0.002000s ]
INFO: [ view_filter ] --END-- [ RunTime:0.002000s ]
INFO: [ app_end ] --START--
INFO: Run Behavior\ShowPageTraceBehavior [ RunTime:0.002000s ]
INFO: [ app_end ] --END-- [ RunTime:0.002000s ]

[ 2014-12-07T21:10:24+08:00 ] 127.0.0.1 /bbsGit/admin.php/Home/Teach/teacher_list/p/2.html
INFO: [ app_init ] --START--
INFO: Run Behavior\BuildLiteBehavior [ RunTime:0.000000s ]
INFO: [ app_init ] --END-- [ RunTime:0.000000s ]
INFO: [ app_begin ] --START--
INFO: Run Behavior\ReadHtmlCacheBehavior [ RunTime:0.000000s ]
INFO: [ app_begin ] --END-- [ RunTime:0.000000s ]

[ 2014-12-07T21:11:03+08:00 ] 127.0.0.1 /bbsGit/admin.php/Home/Teach/add_teacher
INFO: [ app_init ] --START--
INFO: Run Behavior\BuildLiteBehavior [ RunTime:0.000000s ]
INFO: [ app_init ] --END-- [ RunTime:0.000000s ]
INFO: [ app_begin ] --START--
INFO: Run Behavior\ReadHtmlCacheBehavior [ RunTime:0.000000s ]
INFO: [ app_begin ] --END-- [ RunTime:0.000000s ]

[ 2014-12-07T21:11:05+08:00 ] 127.0.0.1 /bbsGit/admin.php/Home/Teach/teacher_list
INFO: [ app_init ] --START--
INFO: Run Behavior\BuildLiteBehavior [ RunTime:0.000000s ]
INFO: [ app_init ] --END-- [ RunTime:0.000000s ]
INFO: [ app_begin ] --START--
INFO: Run Behavior\ReadHtmlCacheBehavior [ RunTime:0.000000s ]
INFO: [ app_begin ] --END-- [ RunTime:0.000000s ]

[ 2014-12-07T21:11:06+08:00 ] 127.0.0.1 /bbsGit/admin.php/Home/Teach/add_teacher
INFO: [ app_init ] --START--
INFO: Run Behavior\BuildLiteBehavior [ RunTime:0.000000s ]
INFO: [ app_init ] --END-- [ RunTime:0.000000s ]
INFO: [ app_begin ] --START--
INFO: Run Behavior\ReadHtmlCacheBehavior [ RunTime:0.000000s ]
INFO: [ app_begin ] --END-- [ RunTime:0.000000s ]

[ 2014-12-07T21:11:07+08:00 ] 127.0.0.1 /bbsGit/admin.php/Home/Teach/teacher_list
INFO: [ app_init ] --START--
INFO: Run Behavior\BuildLiteBehavior [ RunTime:0.000000s ]
INFO: [ app_init ] --END-- [ RunTime:0.000000s ]
INFO: [ app_begin ] --START--
INFO: Run Behavior\ReadHtmlCacheBehavior [ RunTime:0.000000s ]
INFO: [ app_begin ] --END-- [ RunTime:0.000000s ]

[ 2014-12-07T21:11:52+08:00 ] 127.0.0.1 /bbsGit/admin.php/Home/Teach/add_teacher
INFO: [ app_init ] --START--
INFO: Run Behavior\BuildLiteBehavior [ RunTime:0.000000s ]
INFO: [ app_init ] --END-- [ RunTime:0.000000s ]
INFO: [ app_begin ] --START--
INFO: Run Behavior\ReadHtmlCacheBehavior [ RunTime:0.000000s ]
INFO: [ app_begin ] --END-- [ RunTime:0.000000s ]
NOTIC: [8192] mysql_connect(): The mysql extension is deprecated and will be removed in the future: use mysqli or PDO instead E:\bbs\bbsGit\ThinkPHP\Library\Think\Db\Driver\Mysql.class.php Á¨¨ 52 Ë°å.
SQL: SHOW COLUMNS FROM `teacher_fen` [ RunTime:0.015600s ]
SQL: SELECT * FROM `teacher_fen`  [ RunTime:0.015600s ]
INFO: [ view_parse ] --START--
INFO: [ template_filter ] --START--
INFO: Run Behavior\ContentReplaceBehavior [ RunTime:0.000000s ]
INFO: [ template_filter ] --END-- [ RunTime:0.000000s ]
INFO: Run Behavior\ParseTemplateBehavior [ RunTime:0.046801s ]
INFO: [ view_parse ] --END-- [ RunTime:0.046801s ]
INFO: [ view_filter ] --START--
INFO: Run Behavior\WriteHtmlCacheBehavior [ RunTime:0.000000s ]
INFO: [ view_filter ] --END-- [ RunTime:0.000000s ]
INFO: [ app_end ] --START--
INFO: Run Behavior\ShowPageTraceBehavior [ RunTime:0.015600s ]
INFO: [ app_end ] --END-- [ RunTime:0.015600s ]

[ 2014-12-07T21:11:54+08:00 ] 127.0.0.1 /bbsGit/admin.php/Home/Teach/teacher_list
INFO: [ app_init ] --START--
INFO: Run Behavior\BuildLiteBehavior [ RunTime:0.000000s ]
INFO: [ app_init ] --END-- [ RunTime:0.000000s ]
INFO: [ app_begin ] --START--
INFO: Run Behavior\ReadHtmlCacheBehavior [ RunTime:0.015600s ]
INFO: [ app_begin ] --END-- [ RunTime:0.015600s ]
NOTIC: [8192] mysql_connect(): The mysql extension is deprecated and will be removed in the future: use mysqli or PDO instead E:\bbs\bbsGit\ThinkPHP\Library\Think\Db\Driver\Mysql.class.php Á¨¨ 52 Ë°å.
SQL: SHOW COLUMNS FROM `b_teacher_list` [ RunTime:0.015600s ]
NOTIC: [8] Undefined index: p E:\bbs\bbsGit\Admin\Home\Controller\TeachController.class.php Á¨¨ 35 Ë°å.
SQL: SELECT * FROM `b_teacher_list` LIMIT 0,3   [ RunTime:0.000000s ]
SQL: SELECT COUNT(*) AS tp_count FROM `b_teacher_list` LIMIT 1   [ RunTime:0.000000s ]
INFO: [ view_parse ] --START--
INFO: [ template_filter ] --START--
INFO: Run Behavior\ContentReplaceBehavior [ RunTime:0.000000s ]
INFO: [ template_filter ] --END-- [ RunTime:0.000000s ]
INFO: Run Behavior\ParseTemplateBehavior [ RunTime:0.015600s ]
INFO: [ view_parse ] --END-- [ RunTime:0.015600s ]
INFO: [ view_filter ] --START--
INFO: Run Behavior\WriteHtmlCacheBehavior [ RunTime:0.000000s ]
INFO: [ view_filter ] --END-- [ RunTime:0.000000s ]
INFO: [ app_end ] --START--
INFO: Run Behavior\ShowPageTraceBehavior [ RunTime:0.000000s ]
INFO: [ app_end ] --END-- [ RunTime:0.000000s ]

[ 2014-12-07T21:11:56+08:00 ] 127.0.0.1 /bbsGit/admin.php/Home/Teach/teacher_list/p/2.html
INFO: [ app_init ] --START--
INFO: Run Behavior\BuildLiteBehavior [ RunTime:0.000000s ]
INFO: [ app_init ] --END-- [ RunTime:0.000000s ]
INFO: [ app_begin ] --START--
INFO: Run Behavior\ReadHtmlCacheBehavior [ RunTime:0.000000s ]
INFO: [ app_begin ] --END-- [ RunTime:0.000000s ]
NOTIC: [8192] mysql_connect(): The mysql extension is deprecated and will be removed in the future: use mysqli or PDO instead E:\bbs\bbsGit\ThinkPHP\Library\Think\Db\Driver\Mysql.class.php Á¨¨ 52 Ë°å.
SQL: SHOW COLUMNS FROM `b_teacher_list` [ RunTime:0.015600s ]
SQL: SELECT * FROM `b_teacher_list` LIMIT 3,3   [ RunTime:0.000000s ]
SQL: SELECT COUNT(*) AS tp_count FROM `b_teacher_list` LIMIT 1   [ RunTime:0.000000s ]
INFO: [ view_parse ] --START--
INFO: [ template_filter ] --START--
INFO: Run Behavior\ContentReplaceBehavior [ RunTime:0.000000s ]
INFO: [ template_filter ] --END-- [ RunTime:0.000000s ]
INFO: Run Behavior\ParseTemplateBehavior [ RunTime:0.031200s ]
INFO: [ view_parse ] --END-- [ RunTime:0.031200s ]
INFO: [ view_filter ] --START--
INFO: Run Behavior\WriteHtmlCacheBehavior [ RunTime:0.000000s ]
INFO: [ view_filter ] --END-- [ RunTime:0.000000s ]
INFO: [ app_end ] --START--
INFO: Run Behavior\ShowPageTraceBehavior [ RunTime:0.000000s ]
INFO: [ app_end ] --END-- [ RunTime:0.000000s ]

[ 2014-12-07T21:11:57+08:00 ] 127.0.0.1 /bbsGit/admin.php/Home/Teach/teacher_list/p/1.html
INFO: [ app_init ] --START--
INFO: Run Behavior\BuildLiteBehavior [ RunTime:0.000000s ]
INFO: [ app_init ] --END-- [ RunTime:0.000000s ]
INFO: [ app_begin ] --START--
INFO: Run Behavior\ReadHtmlCacheBehavior [ RunTime:0.000000s ]
INFO: [ app_begin ] --END-- [ RunTime:0.000000s ]
NOTIC: [8192] mysql_connect(): The mysql extension is deprecated and will be removed in the future: use mysqli or PDO instead E:\bbs\bbsGit\ThinkPHP\Library\Think\Db\Driver\Mysql.class.php Á¨¨ 52 Ë°å.
SQL: SHOW COLUMNS FROM `b_teacher_list` [ RunTime:0.000000s ]
SQL: SELECT * FROM `b_teacher_list` LIMIT 0,3   [ RunTime:0.015600s ]
SQL: SELECT COUNT(*) AS tp_count FROM `b_teacher_list` LIMIT 1   [ RunTime:0.000000s ]
INFO: [ view_parse ] --START--
INFO: [ template_filter ] --START--
INFO: Run Behavior\ContentReplaceBehavior [ RunTime:0.000000s ]
INFO: [ template_filter ] --END-- [ RunTime:0.000000s ]
INFO: Run Behavior\ParseTemplateBehavior [ RunTime:0.015600s ]
INFO: [ view_parse ] --END-- [ RunTime:0.015600s ]
INFO: [ view_filter ] --START--
INFO: Run Behavior\WriteHtmlCacheBehavior [ RunTime:0.000000s ]
INFO: [ view_filter ] --END-- [ RunTime:0.000000s ]
INFO: [ app_end ] --START--
INFO: Run Behavior\ShowPageTraceBehavior [ RunTime:0.000000s ]
INFO: [ app_end ] --END-- [ RunTime:0.000000s ]

